#
# There is insufficient memory for the Java Runtime Environment to continue.
# Native memory allocation (malloc) failed to allocate 2064 bytes for AllocateHeap
# Possible reasons:
#   The system is out of physical RAM or swap space
#   The process is running with CompressedOops enabled, and the Java Heap may be blocking the growth of the native heap
# Possible solutions:
#   Reduce memory load on the system
#   Increase physical memory or swap space
#   Check if swap backing store is full
#   Decrease Java heap size (-Xmx/-Xms)
#   Decrease number of Java threads
#   Decrease Java thread stack sizes (-Xss)
#   Set larger code cache with -XX:ReservedCodeCacheSize=
#   JVM is running with Zero Based Compressed Oops mode in which the Java heap is
#     placed in the first 32GB address space. The Java Heap base address is the
#     maximum limit for the native heap growth. Please use -XX:HeapBaseMinAddress
#     to set the Java Heap base and to place the Java Heap above 32GB virtual address.
# This output file may be truncated or incomplete.
#
#  Out of Memory Error (./src/hotspot/share/memory/allocation.cpp:46), pid=7156, tid=7212
#
# JRE version: OpenJDK Runtime Environment Corretto-11.0.9.12.1 (11.0.9.1+12) (build 11.0.9.1+12-LTS)
# Java VM: OpenJDK 64-Bit Server VM Corretto-11.0.9.12.1 (11.0.9.1+12-LTS, mixed mode, tiered, compressed oops, g1 gc, windows-amd64)
# No core dump will be written. Minidumps are not enabled by default on client versions of Windows
#

---------------  S U M M A R Y ------------

Command Line: --add-modules=javafx.base,javafx.graphics --add-reads=javafx.base=ALL-UNNAMED --add-reads=javafx.graphics=ALL-UNNAMED -javaagent:C:\Program Files\JetBrains\IntelliJ IDEA Community Edition 2020.2.3\lib\idea_rt.jar=51659:C:\Program Files\JetBrains\IntelliJ IDEA Community Edition 2020.2.3\bin -Dfile.encoding=UTF-8 --module-path=D:\Mihai\Java-Objects\javafx-sdk-11.0.2\lib\javafx.base.jar;D:\Mihai\Java-Objects\javafx-sdk-11.0.2\lib\javafx.graphics.jar;D:\Mihai\Java-Objects\Java-Projects\Multi_Chat\Mulcti_Chat_Client\out\production\Mulcti_Chat_Client;D:\Mihai\Java-Objects\javafx-sdk-11.0.2;D:\Mihai\Java-Objects\javafx-sdk-11.0.2\lib\javafx-swt.jar;D:\Mihai\Java-Objects\javafx-sdk-11.0.2\lib\javafx.controls.jar;D:\Mihai\Java-Objects\javafx-sdk-11.0.2\lib\javafx.fxml.jar;D:\Mihai\Java-Objects\javafx-sdk-11.0.2\lib\javafx.media.jar;D:\Mihai\Java-Objects\javafx-sdk-11.0.2\lib\javafx.swing.jar;D:\Mihai\Java-Objects\javafx-sdk-11.0.2\lib\javafx.web.jar -Djdk.module.main=Mulcti.Chat.Client Mulcti.Chat.Client/sample.Main

Host: Intel(R) Core(TM) i7-4790 CPU @ 3.60GHz, 8 cores, 15G,  Windows 10 , 64 bit Build 18362 (10.0.18362.1316)
Time: Thu Jan 21 10:10:35 2021 GTB Standard Time elapsed time: 6.065383 seconds (0d 0h 0m 6s)

---------------  T H R E A D  ---------------

Current thread (0x0000012ab26a7800):  GCTaskThread "GC Thread#4" [stack: 0x0000000a39400000,0x0000000a39500000] [id=7212]

Stack: [0x0000000a39400000,0x0000000a39500000]
[error occurred during error reporting (printing stack bounds), id 0xc0000005, EXCEPTION_ACCESS_VIOLATION (0xc0000005) at pc=0x0000012a953b0dad]

Native frames: (J=compiled Java code, j=interpreted, Vv=VM code, C=native code)
V  [jvm.dll+0x5f504a]
V  [jvm.dll+0x77d3ee]
V  [jvm.dll+0x77eabf]
V  [jvm.dll+0x77f0e5]
V  [jvm.dll+0x77f09b]
V  [jvm.dll+0x5f45e3]
V  [jvm.dll+0x5f4cf8]
C  [ntdll.dll+0xa184f]
C  [ntdll.dll+0x6a889]
C  [ntdll.dll+0xa04be]
C  0x0000012a953b0dad


---------------  P R O C E S S  ---------------

Threads class SMR info:
_java_thread_list=0x0000012aba751940, length=19, elements={
0x0000012a8cccb800, 0x0000012ab09fa000, 0x0000012ab0a03000, 0x0000012ab0a07000,
0x0000012ab12fe800, 0x0000012ab1302800, 0x0000012ab1311000, 0x0000012ab133e000,
0x0000012ab09b2800, 0x0000012ab17d6000, 0x0000012ab14db800, 0x0000012ab1593800,
0x0000012ab1988800, 0x0000012ab1b93800, 0x0000012ab2610000, 0x0000012ab25f5800,
0x0000012ab25fc800, 0x0000012ab2837000, 0x0000012ab27a9800
}

Java Threads: ( => current thread )
  0x0000012a8cccb800 JavaThread "main" [_thread_blocked, id=12024, stack(0x0000000a37500000,0x0000000a37600000)]
  0x0000012ab09fa000 JavaThread "Reference Handler" daemon [_thread_blocked, id=15504, stack(0x0000000a37c00000,0x0000000a37d00000)]
  0x0000012ab0a03000 JavaThread "Finalizer" daemon [_thread_blocked, id=16284, stack(0x0000000a37d00000,0x0000000a37e00000)]
  0x0000012ab0a07000 JavaThread "Signal Dispatcher" daemon [_thread_blocked, id=15608, stack(0x0000000a37e00000,0x0000000a37f00000)]
  0x0000012ab12fe800 JavaThread "Attach Listener" daemon [_thread_blocked, id=10664, stack(0x0000000a37f00000,0x0000000a38000000)]
  0x0000012ab1302800 JavaThread "C2 CompilerThread0" daemon [_thread_blocked, id=5732, stack(0x0000000a38000000,0x0000000a38100000)]
  0x0000012ab1311000 JavaThread "C1 CompilerThread0" daemon [_thread_blocked, id=14272, stack(0x0000000a38100000,0x0000000a38200000)]
  0x0000012ab133e000 JavaThread "Sweeper thread" daemon [_thread_blocked, id=12240, stack(0x0000000a38200000,0x0000000a38300000)]
  0x0000012ab09b2800 JavaThread "Common-Cleaner" daemon [_thread_blocked, id=5008, stack(0x0000000a38300000,0x0000000a38400000)]
  0x0000012ab17d6000 JavaThread "Monitor Ctrl-Break" daemon [_thread_in_native, id=15596, stack(0x0000000a38500000,0x0000000a38600000)]
  0x0000012ab14db800 JavaThread "Service Thread" daemon [_thread_blocked, id=14752, stack(0x0000000a38600000,0x0000000a38700000)]
  0x0000012ab1593800 JavaThread "QuantumRenderer-0" daemon [_thread_blocked, id=12400, stack(0x0000000a38400000,0x0000000a38500000)]
  0x0000012ab1988800 JavaThread "InvokeLaterDispatcher" daemon [_thread_blocked, id=1400, stack(0x0000000a38900000,0x0000000a38a00000)]
  0x0000012ab1b93800 JavaThread "JavaFX Application Thread" [_thread_in_native, id=9116, stack(0x0000000a38a00000,0x0000000a38b00000)]
  0x0000012ab2610000 JavaThread "Thread-1" daemon [_thread_blocked, id=6712, stack(0x0000000a38d00000,0x0000000a38e00000)]
  0x0000012ab25f5800 JavaThread "Thread-2" [_thread_in_native, id=4368, stack(0x0000000a38f00000,0x0000000a39000000)]
  0x0000012ab25fc800 JavaThread "JavaFX-Launcher" [_thread_blocked, id=10788, stack(0x0000000a39000000,0x0000000a39100000)]
  0x0000012ab2837000 JavaThread "Prism Font Disposer" daemon [_thread_blocked, id=16280, stack(0x0000000a39b00000,0x0000000a39c00000)]
  0x0000012ab27a9800 JavaThread "Cleaner-0" daemon [_thread_blocked, id=11888, stack(0x0000000a39c00000,0x0000000a39d00000)]

Other Threads:
  0x0000012ab09f6000 VMThread "VM Thread" [stack: 0x0000000a37b00000,0x0000000a37c00000] [id=16248]
  0x0000012ab1b38800 WatcherThread [stack: 0x0000000a38700000,0x0000000a38800000] [id=15844]
  0x0000012a8cce5000 GCTaskThread "GC Thread#0" [stack: 0x0000000a37600000,0x0000000a37700000] [id=10064]
  0x0000012ab26c6000 GCTaskThread "GC Thread#1" [stack: 0x0000000a39100000,0x0000000a39200000] [id=5344]
  0x0000012ab26a6000 GCTaskThread "GC Thread#2" [stack: 0x0000000a39200000,0x0000000a39300000] [id=1300]
  0x0000012ab26a7000 GCTaskThread "GC Thread#3" [stack: 0x0000000a39300000,0x0000000a39400000] [id=1764]
=>0x0000012ab26a7800 GCTaskThread "GC Thread#4" [stack: 0x0000000a39400000,0x0000000a39500000] [id=7212]
  0x0000012ab26a8800 GCTaskThread "GC Thread#5" [stack: 0x0000000a39500000,0x0000000a39600000] [id=5876]
  0x0000012ab26a9000 GCTaskThread "GC Thread#6" [stack: 0x0000000a39600000,0x0000000a39700000] [id=11704]
  0x0000012ab266a000 GCTaskThread "GC Thread#7" [stack: 0x0000000a39700000,0x0000000a39800000] [id=6956]
  0x0000012a8cd44000 ConcurrentGCThread "G1 Main Marker" [stack: 0x0000000a37700000,0x0000000a37800000] [id=15864]
  0x0000012a8cd46800 ConcurrentGCThread "G1 Conc#0" [stack: 0x0000000a37800000,0x0000000a37900000] [id=6760]
  0x0000012abb0b9000 ConcurrentGCThread "G1 Conc#1" [stack: 0x0000000a38e00000,0x0000000a38f00000] [id=15424]
  0x0000012a8cd9d800 ConcurrentGCThread "G1 Refine#0" [stack: 0x0000000a37900000,0x0000000a37a00000] [id=7524]
  0x0000012ab08e6000 ConcurrentGCThread "G1 Young RemSet Sampling" [stack: 0x0000000a37a00000,0x0000000a37b00000] [id=16272]

Threads with active compile tasks:

VM state:at safepoint (normal execution)

VM Mutex/Monitor currently owned by a thread:  ([mutex/lock_event])
[0x0000012a8ccbf350] Threads_lock - owner thread: 0x0000012ab09f6000
[0x0000012a8ccca330] Heap_lock - owner thread: 0x0000012ab12fe800

Heap address: 0x0000000700e00000, size: 4082 MB, Compressed Oops mode: Zero based, Oop shift amount: 3
Narrow klass base: 0x0000000800000000, Narrow klass shift: 0
Compressed class space size: 1073741824 Address: 0x0000000800000000

Heap:
 garbage-first heap   total 262144K, used 12167K [0x0000000700e00000, 0x0000000800000000)
  region size 1024K, 8 young (8192K), 4 survivors (4096K)
 Metaspace       used 21187K, capacity 21862K, committed 21936K, reserved 1075200K
  class space    used 2731K, capacity 3063K, committed 3072K, reserved 1048576K
Heap Regions: E=young(eden), S=young(survivor), O=old, HS=humongous(starts), HC=humongous(continues), CS=collection set, F=free, A=archive, TAMS=top-at-mark-start (previous, next)
|   0|0x0000000700e00000, 0x0000000700f00000, 0x0000000700f00000|100%|HS|  |TAMS 0x0000000700f00000, 0x0000000700f00000| Complete 
|   1|0x0000000700f00000, 0x0000000701000000, 0x0000000701000000|100%|HC|  |TAMS 0x0000000701000000, 0x0000000701000000| Complete 
|   2|0x0000000701000000, 0x0000000701100000, 0x0000000701100000|100%| O|  |TAMS 0x0000000701000000, 0x0000000701100000| Untracked 
|   3|0x0000000701100000, 0x0000000701200000, 0x0000000701200000|100%| O|  |TAMS 0x0000000701100000, 0x0000000701200000| Untracked 
|   4|0x0000000701200000, 0x0000000701300000, 0x0000000701300000|100%| O|  |TAMS 0x0000000701200000, 0x0000000701300000| Untracked 
|   5|0x0000000701300000, 0x0000000701307398, 0x0000000701400000|  2%| O|  |TAMS 0x0000000701300000, 0x0000000701400000| Untracked 
|   6|0x0000000701400000, 0x0000000701400000, 0x0000000701500000|  0%| F|  |TAMS 0x0000000701400000, 0x0000000701400000| Untracked 
|   7|0x0000000701500000, 0x0000000701500000, 0x0000000701600000|  0%| F|  |TAMS 0x0000000701500000, 0x0000000701500000| Untracked 
|   8|0x0000000701600000, 0x0000000701600000, 0x0000000701700000|  0%| F|  |TAMS 0x0000000701600000, 0x0000000701600000| Untracked 
|   9|0x0000000701700000, 0x0000000701700000, 0x0000000701800000|  0%| F|  |TAMS 0x0000000701700000, 0x0000000701700000| Untracked 
|  10|0x0000000701800000, 0x0000000701800000, 0x0000000701900000|  0%| F|  |TAMS 0x0000000701800000, 0x0000000701800000| Untracked 
|  11|0x0000000701900000, 0x0000000701900000, 0x0000000701a00000|  0%| F|  |TAMS 0x0000000701900000, 0x0000000701900000| Untracked 
|  12|0x0000000701a00000, 0x0000000701a00000, 0x0000000701b00000|  0%| F|  |TAMS 0x0000000701a00000, 0x0000000701a00000| Untracked 
|  13|0x0000000701b00000, 0x0000000701b00000, 0x0000000701c00000|  0%| F|  |TAMS 0x0000000701b00000, 0x0000000701b00000| Untracked 
|  14|0x0000000701c00000, 0x0000000701c00000, 0x0000000701d00000|  0%| F|  |TAMS 0x0000000701c00000, 0x0000000701c00000| Untracked 
|  15|0x0000000701d00000, 0x0000000701d00000, 0x0000000701e00000|  0%| F|  |TAMS 0x0000000701d00000, 0x0000000701d00000| Untracked 
|  16|0x0000000701e00000, 0x0000000701e00000, 0x0000000701f00000|  0%| F|  |TAMS 0x0000000701e00000, 0x0000000701e00000| Untracked 
|  17|0x0000000701f00000, 0x0000000701f00000, 0x0000000702000000|  0%| F|  |TAMS 0x0000000701f00000, 0x0000000701f00000| Untracked 
|  18|0x0000000702000000, 0x0000000702000000, 0x0000000702100000|  0%| F|  |TAMS 0x0000000702000000, 0x0000000702000000| Untracked 
|  19|0x0000000702100000, 0x0000000702100000, 0x0000000702200000|  0%| F|  |TAMS 0x0000000702100000, 0x0000000702100000| Untracked 
|  20|0x0000000702200000, 0x0000000702200000, 0x0000000702300000|  0%| F|  |TAMS 0x0000000702200000, 0x0000000702200000| Untracked 
|  21|0x0000000702300000, 0x0000000702300000, 0x0000000702400000|  0%| F|  |TAMS 0x0000000702300000, 0x0000000702300000| Untracked 
|  22|0x0000000702400000, 0x0000000702400000, 0x0000000702500000|  0%| F|  |TAMS 0x0000000702400000, 0x0000000702400000| Untracked 
|  23|0x0000000702500000, 0x0000000702500000, 0x0000000702600000|  0%| F|  |TAMS 0x0000000702500000, 0x0000000702500000| Untracked 
|  24|0x0000000702600000, 0x0000000702600000, 0x0000000702700000|  0%| F|  |TAMS 0x0000000702600000, 0x0000000702600000| Untracked 
|  25|0x0000000702700000, 0x0000000702700000, 0x0000000702800000|  0%| F|  |TAMS 0x0000000702700000, 0x0000000702700000| Untracked 
|  26|0x0000000702800000, 0x0000000702800000, 0x0000000702900000|  0%| F|  |TAMS 0x0000000702800000, 0x0000000702800000| Untracked 
|  27|0x0000000702900000, 0x0000000702900000, 0x0000000702a00000|  0%| F|  |TAMS 0x0000000702900000, 0x0000000702900000| Untracked 
|  28|0x0000000702a00000, 0x0000000702a00000, 0x0000000702b00000|  0%| F|  |TAMS 0x0000000702a00000, 0x0000000702a00000| Untracked 
|  29|0x0000000702b00000, 0x0000000702b00000, 0x0000000702c00000|  0%| F|  |TAMS 0x0000000702b00000, 0x0000000702b00000| Untracked 
|  30|0x0000000702c00000, 0x0000000702c00000, 0x0000000702d00000|  0%| F|  |TAMS 0x0000000702c00000, 0x0000000702c00000| Untracked 
|  31|0x0000000702d00000, 0x0000000702d00000, 0x0000000702e00000|  0%| F|  |TAMS 0x0000000702d00000, 0x0000000702d00000| Untracked 
|  32|0x0000000702e00000, 0x0000000702e00000, 0x0000000702f00000|  0%| F|  |TAMS 0x0000000702e00000, 0x0000000702e00000| Untracked 
|  33|0x0000000702f00000, 0x0000000702f00000, 0x0000000703000000|  0%| F|  |TAMS 0x0000000702f00000, 0x0000000702f00000| Untracked 
|  34|0x0000000703000000, 0x0000000703000000, 0x0000000703100000|  0%| F|  |TAMS 0x0000000703000000, 0x0000000703000000| Untracked 
|  35|0x0000000703100000, 0x0000000703100000, 0x0000000703200000|  0%| F|  |TAMS 0x0000000703100000, 0x0000000703100000| Untracked 
|  36|0x0000000703200000, 0x0000000703200000, 0x0000000703300000|  0%| F|  |TAMS 0x0000000703200000, 0x0000000703200000| Untracked 
|  37|0x0000000703300000, 0x0000000703300000, 0x0000000703400000|  0%| F|  |TAMS 0x0000000703300000, 0x0000000703300000| Untracked 
|  38|0x0000000703400000, 0x0000000703400000, 0x0000000703500000|  0%| F|  |TAMS 0x0000000703400000, 0x0000000703400000| Untracked 
|  39|0x0000000703500000, 0x0000000703500000, 0x0000000703600000|  0%| F|  |TAMS 0x0000000703500000, 0x0000000703500000| Untracked 
|  40|0x0000000703600000, 0x0000000703600000, 0x0000000703700000|  0%| F|  |TAMS 0x0000000703600000, 0x0000000703600000| Untracked 
|  41|0x0000000703700000, 0x0000000703700000, 0x0000000703800000|  0%| F|  |TAMS 0x0000000703700000, 0x0000000703700000| Untracked 
|  42|0x0000000703800000, 0x0000000703800000, 0x0000000703900000|  0%| F|  |TAMS 0x0000000703800000, 0x0000000703800000| Untracked 
|  43|0x0000000703900000, 0x0000000703900000, 0x0000000703a00000|  0%| F|  |TAMS 0x0000000703900000, 0x0000000703900000| Untracked 
|  44|0x0000000703a00000, 0x0000000703a00000, 0x0000000703b00000|  0%| F|  |TAMS 0x0000000703a00000, 0x0000000703a00000| Untracked 
|  45|0x0000000703b00000, 0x0000000703b00000, 0x0000000703c00000|  0%| F|  |TAMS 0x0000000703b00000, 0x0000000703b00000| Untracked 
|  46|0x0000000703c00000, 0x0000000703c00000, 0x0000000703d00000|  0%| F|  |TAMS 0x0000000703c00000, 0x0000000703c00000| Untracked 
|  47|0x0000000703d00000, 0x0000000703d00000, 0x0000000703e00000|  0%| F|  |TAMS 0x0000000703d00000, 0x0000000703d00000| Untracked 
|  48|0x0000000703e00000, 0x0000000703e00000, 0x0000000703f00000|  0%| F|  |TAMS 0x0000000703e00000, 0x0000000703e00000| Untracked 
|  49|0x0000000703f00000, 0x0000000703f00000, 0x0000000704000000|  0%| F|  |TAMS 0x0000000703f00000, 0x0000000703f00000| Untracked 
|  50|0x0000000704000000, 0x0000000704000000, 0x0000000704100000|  0%| F|  |TAMS 0x0000000704000000, 0x0000000704000000| Untracked 
|  51|0x0000000704100000, 0x0000000704100000, 0x0000000704200000|  0%| F|  |TAMS 0x0000000704100000, 0x0000000704100000| Untracked 
|  52|0x0000000704200000, 0x0000000704200000, 0x0000000704300000|  0%| F|  |TAMS 0x0000000704200000, 0x0000000704200000| Untracked 
|  53|0x0000000704300000, 0x0000000704300000, 0x0000000704400000|  0%| F|  |TAMS 0x0000000704300000, 0x0000000704300000| Untracked 
|  54|0x0000000704400000, 0x0000000704400000, 0x0000000704500000|  0%| F|  |TAMS 0x0000000704400000, 0x0000000704400000| Untracked 
|  55|0x0000000704500000, 0x0000000704500000, 0x0000000704600000|  0%| F|  |TAMS 0x0000000704500000, 0x0000000704500000| Untracked 
|  56|0x0000000704600000, 0x0000000704600000, 0x0000000704700000|  0%| F|  |TAMS 0x0000000704600000, 0x0000000704600000| Untracked 
|  57|0x0000000704700000, 0x0000000704700000, 0x0000000704800000|  0%| F|  |TAMS 0x0000000704700000, 0x0000000704700000| Untracked 
|  58|0x0000000704800000, 0x0000000704800000, 0x0000000704900000|  0%| F|  |TAMS 0x0000000704800000, 0x0000000704800000| Untracked 
|  59|0x0000000704900000, 0x0000000704900000, 0x0000000704a00000|  0%| F|  |TAMS 0x0000000704900000, 0x0000000704900000| Untracked 
|  60|0x0000000704a00000, 0x0000000704a00000, 0x0000000704b00000|  0%| F|  |TAMS 0x0000000704a00000, 0x0000000704a00000| Untracked 
|  61|0x0000000704b00000, 0x0000000704b00000, 0x0000000704c00000|  0%| F|  |TAMS 0x0000000704b00000, 0x0000000704b00000| Untracked 
|  62|0x0000000704c00000, 0x0000000704c00000, 0x0000000704d00000|  0%| F|  |TAMS 0x0000000704c00000, 0x0000000704c00000| Untracked 
|  63|0x0000000704d00000, 0x0000000704d00000, 0x0000000704e00000|  0%| F|  |TAMS 0x0000000704d00000, 0x0000000704d00000| Untracked 
|  64|0x0000000704e00000, 0x0000000704e00000, 0x0000000704f00000|  0%| F|  |TAMS 0x0000000704e00000, 0x0000000704e00000| Untracked 
|  65|0x0000000704f00000, 0x0000000704f00000, 0x0000000705000000|  0%| F|  |TAMS 0x0000000704f00000, 0x0000000704f00000| Untracked 
|  66|0x0000000705000000, 0x0000000705000000, 0x0000000705100000|  0%| F|  |TAMS 0x0000000705000000, 0x0000000705000000| Untracked 
|  67|0x0000000705100000, 0x0000000705100000, 0x0000000705200000|  0%| F|  |TAMS 0x0000000705100000, 0x0000000705100000| Untracked 
|  68|0x0000000705200000, 0x0000000705200000, 0x0000000705300000|  0%| F|  |TAMS 0x0000000705200000, 0x0000000705200000| Untracked 
|  69|0x0000000705300000, 0x0000000705300000, 0x0000000705400000|  0%| F|  |TAMS 0x0000000705300000, 0x0000000705300000| Untracked 
|  70|0x0000000705400000, 0x0000000705400000, 0x0000000705500000|  0%| F|  |TAMS 0x0000000705400000, 0x0000000705400000| Untracked 
|  71|0x0000000705500000, 0x0000000705500000, 0x0000000705600000|  0%| F|  |TAMS 0x0000000705500000, 0x0000000705500000| Untracked 
|  72|0x0000000705600000, 0x0000000705600000, 0x0000000705700000|  0%| F|  |TAMS 0x0000000705600000, 0x0000000705600000| Untracked 
|  73|0x0000000705700000, 0x0000000705700000, 0x0000000705800000|  0%| F|  |TAMS 0x0000000705700000, 0x0000000705700000| Untracked 
|  74|0x0000000705800000, 0x0000000705800000, 0x0000000705900000|  0%| F|  |TAMS 0x0000000705800000, 0x0000000705800000| Untracked 
|  75|0x0000000705900000, 0x0000000705900000, 0x0000000705a00000|  0%| F|  |TAMS 0x0000000705900000, 0x0000000705900000| Untracked 
|  76|0x0000000705a00000, 0x0000000705a00000, 0x0000000705b00000|  0%| F|  |TAMS 0x0000000705a00000, 0x0000000705a00000| Untracked 
|  77|0x0000000705b00000, 0x0000000705b00000, 0x0000000705c00000|  0%| F|  |TAMS 0x0000000705b00000, 0x0000000705b00000| Untracked 
|  78|0x0000000705c00000, 0x0000000705c00000, 0x0000000705d00000|  0%| F|  |TAMS 0x0000000705c00000, 0x0000000705c00000| Untracked 
|  79|0x0000000705d00000, 0x0000000705d00000, 0x0000000705e00000|  0%| F|  |TAMS 0x0000000705d00000, 0x0000000705d00000| Untracked 
|  80|0x0000000705e00000, 0x0000000705e00000, 0x0000000705f00000|  0%| F|  |TAMS 0x0000000705e00000, 0x0000000705e00000| Untracked 
|  81|0x0000000705f00000, 0x0000000705f00000, 0x0000000706000000|  0%| F|  |TAMS 0x0000000705f00000, 0x0000000705f00000| Untracked 
|  82|0x0000000706000000, 0x0000000706000000, 0x0000000706100000|  0%| F|  |TAMS 0x0000000706000000, 0x0000000706000000| Untracked 
|  83|0x0000000706100000, 0x0000000706100000, 0x0000000706200000|  0%| F|  |TAMS 0x0000000706100000, 0x0000000706100000| Untracked 
|  84|0x0000000706200000, 0x0000000706200000, 0x0000000706300000|  0%| F|  |TAMS 0x0000000706200000, 0x0000000706200000| Untracked 
|  85|0x0000000706300000, 0x0000000706300000, 0x0000000706400000|  0%| F|  |TAMS 0x0000000706300000, 0x0000000706300000| Untracked 
|  86|0x0000000706400000, 0x0000000706400000, 0x0000000706500000|  0%| F|  |TAMS 0x0000000706400000, 0x0000000706400000| Untracked 
|  87|0x0000000706500000, 0x0000000706500000, 0x0000000706600000|  0%| F|  |TAMS 0x0000000706500000, 0x0000000706500000| Untracked 
|  88|0x0000000706600000, 0x0000000706600000, 0x0000000706700000|  0%| F|  |TAMS 0x0000000706600000, 0x0000000706600000| Untracked 
|  89|0x0000000706700000, 0x0000000706700000, 0x0000000706800000|  0%| F|  |TAMS 0x0000000706700000, 0x0000000706700000| Untracked 
|  90|0x0000000706800000, 0x0000000706800000, 0x0000000706900000|  0%| F|  |TAMS 0x0000000706800000, 0x0000000706800000| Untracked 
|  91|0x0000000706900000, 0x0000000706900000, 0x0000000706a00000|  0%| F|  |TAMS 0x0000000706900000, 0x0000000706900000| Untracked 
|  92|0x0000000706a00000, 0x0000000706a00000, 0x0000000706b00000|  0%| F|  |TAMS 0x0000000706a00000, 0x0000000706a00000| Untracked 
|  93|0x0000000706b00000, 0x0000000706b00000, 0x0000000706c00000|  0%| F|  |TAMS 0x0000000706b00000, 0x0000000706b00000| Untracked 
|  94|0x0000000706c00000, 0x0000000706c00000, 0x0000000706d00000|  0%| F|  |TAMS 0x0000000706c00000, 0x0000000706c00000| Untracked 
|  95|0x0000000706d00000, 0x0000000706d00000, 0x0000000706e00000|  0%| F|  |TAMS 0x0000000706d00000, 0x0000000706d00000| Untracked 
|  96|0x0000000706e00000, 0x0000000706e00000, 0x0000000706f00000|  0%| F|  |TAMS 0x0000000706e00000, 0x0000000706e00000| Untracked 
|  97|0x0000000706f00000, 0x0000000706f00000, 0x0000000707000000|  0%| F|  |TAMS 0x0000000706f00000, 0x0000000706f00000| Untracked 
|  98|0x0000000707000000, 0x0000000707000000, 0x0000000707100000|  0%| F|  |TAMS 0x0000000707000000, 0x0000000707000000| Untracked 
|  99|0x0000000707100000, 0x0000000707100000, 0x0000000707200000|  0%| F|  |TAMS 0x0000000707100000, 0x0000000707100000| Untracked 
| 100|0x0000000707200000, 0x0000000707200000, 0x0000000707300000|  0%| F|  |TAMS 0x0000000707200000, 0x0000000707200000| Untracked 
| 101|0x0000000707300000, 0x0000000707300000, 0x0000000707400000|  0%| F|  |TAMS 0x0000000707300000, 0x0000000707300000| Untracked 
| 102|0x0000000707400000, 0x0000000707400000, 0x0000000707500000|  0%| F|  |TAMS 0x0000000707400000, 0x0000000707400000| Untracked 
| 103|0x0000000707500000, 0x0000000707500000, 0x0000000707600000|  0%| F|  |TAMS 0x0000000707500000, 0x0000000707500000| Untracked 
| 104|0x0000000707600000, 0x0000000707600000, 0x0000000707700000|  0%| F|  |TAMS 0x0000000707600000, 0x0000000707600000| Untracked 
| 105|0x0000000707700000, 0x0000000707700000, 0x0000000707800000|  0%| F|  |TAMS 0x0000000707700000, 0x0000000707700000| Untracked 
| 106|0x0000000707800000, 0x0000000707800000, 0x0000000707900000|  0%| F|  |TAMS 0x0000000707800000, 0x0000000707800000| Untracked 
| 107|0x0000000707900000, 0x0000000707900000, 0x0000000707a00000|  0%| F|  |TAMS 0x0000000707900000, 0x0000000707900000| Untracked 
| 108|0x0000000707a00000, 0x0000000707a00000, 0x0000000707b00000|  0%| F|  |TAMS 0x0000000707a00000, 0x0000000707a00000| Untracked 
| 109|0x0000000707b00000, 0x0000000707b00000, 0x0000000707c00000|  0%| F|  |TAMS 0x0000000707b00000, 0x0000000707b00000| Untracked 
| 110|0x0000000707c00000, 0x0000000707c00000, 0x0000000707d00000|  0%| F|  |TAMS 0x0000000707c00000, 0x0000000707c00000| Untracked 
| 111|0x0000000707d00000, 0x0000000707d00000, 0x0000000707e00000|  0%| F|  |TAMS 0x0000000707d00000, 0x0000000707d00000| Untracked 
| 112|0x0000000707e00000, 0x0000000707e00000, 0x0000000707f00000|  0%| F|  |TAMS 0x0000000707e00000, 0x0000000707e00000| Untracked 
| 113|0x0000000707f00000, 0x0000000707f00000, 0x0000000708000000|  0%| F|  |TAMS 0x0000000707f00000, 0x0000000707f00000| Untracked 
| 114|0x0000000708000000, 0x0000000708000000, 0x0000000708100000|  0%| F|  |TAMS 0x0000000708000000, 0x0000000708000000| Untracked 
| 115|0x0000000708100000, 0x0000000708100000, 0x0000000708200000|  0%| F|  |TAMS 0x0000000708100000, 0x0000000708100000| Untracked 
| 116|0x0000000708200000, 0x0000000708200000, 0x0000000708300000|  0%| F|  |TAMS 0x0000000708200000, 0x0000000708200000| Untracked 
| 117|0x0000000708300000, 0x0000000708300000, 0x0000000708400000|  0%| F|  |TAMS 0x0000000708300000, 0x0000000708300000| Untracked 
| 118|0x0000000708400000, 0x0000000708400000, 0x0000000708500000|  0%| F|  |TAMS 0x0000000708400000, 0x0000000708400000| Untracked 
| 119|0x0000000708500000, 0x0000000708500000, 0x0000000708600000|  0%| F|  |TAMS 0x0000000708500000, 0x0000000708500000| Untracked 
| 120|0x0000000708600000, 0x0000000708600000, 0x0000000708700000|  0%| F|  |TAMS 0x0000000708600000, 0x0000000708600000| Untracked 
| 121|0x0000000708700000, 0x0000000708700000, 0x0000000708800000|  0%| F|  |TAMS 0x0000000708700000, 0x0000000708700000| Untracked 
| 122|0x0000000708800000, 0x0000000708800000, 0x0000000708900000|  0%| F|  |TAMS 0x0000000708800000, 0x0000000708800000| Untracked 
| 123|0x0000000708900000, 0x0000000708900000, 0x0000000708a00000|  0%| F|  |TAMS 0x0000000708900000, 0x0000000708900000| Untracked 
| 124|0x0000000708a00000, 0x0000000708a00000, 0x0000000708b00000|  0%| F|  |TAMS 0x0000000708a00000, 0x0000000708a00000| Untracked 
| 125|0x0000000708b00000, 0x0000000708b00000, 0x0000000708c00000|  0%| F|  |TAMS 0x0000000708b00000, 0x0000000708b00000| Untracked 
| 126|0x0000000708c00000, 0x0000000708c00000, 0x0000000708d00000|  0%| F|  |TAMS 0x0000000708c00000, 0x0000000708c00000| Untracked 
| 127|0x0000000708d00000, 0x0000000708d00000, 0x0000000708e00000|  0%| F|  |TAMS 0x0000000708d00000, 0x0000000708d00000| Untracked 
| 128|0x0000000708e00000, 0x0000000708e00000, 0x0000000708f00000|  0%| F|  |TAMS 0x0000000708e00000, 0x0000000708e00000| Untracked 
| 129|0x0000000708f00000, 0x0000000708f00000, 0x0000000709000000|  0%| F|  |TAMS 0x0000000708f00000, 0x0000000708f00000| Untracked 
| 130|0x0000000709000000, 0x0000000709000000, 0x0000000709100000|  0%| F|  |TAMS 0x0000000709000000, 0x0000000709000000| Untracked 
| 131|0x0000000709100000, 0x0000000709100000, 0x0000000709200000|  0%| F|  |TAMS 0x0000000709100000, 0x0000000709100000| Untracked 
| 132|0x0000000709200000, 0x0000000709200000, 0x0000000709300000|  0%| F|  |TAMS 0x0000000709200000, 0x0000000709200000| Untracked 
| 133|0x0000000709300000, 0x0000000709300000, 0x0000000709400000|  0%| F|  |TAMS 0x0000000709300000, 0x0000000709300000| Untracked 
| 134|0x0000000709400000, 0x0000000709400000, 0x0000000709500000|  0%| F|  |TAMS 0x0000000709400000, 0x0000000709400000| Untracked 
| 135|0x0000000709500000, 0x0000000709500000, 0x0000000709600000|  0%| F|  |TAMS 0x0000000709500000, 0x0000000709500000| Untracked 
| 136|0x0000000709600000, 0x0000000709600000, 0x0000000709700000|  0%| F|  |TAMS 0x0000000709600000, 0x0000000709600000| Untracked 
| 137|0x0000000709700000, 0x0000000709700000, 0x0000000709800000|  0%| F|  |TAMS 0x0000000709700000, 0x0000000709700000| Untracked 
| 138|0x0000000709800000, 0x0000000709800000, 0x0000000709900000|  0%| F|  |TAMS 0x0000000709800000, 0x0000000709800000| Untracked 
| 139|0x0000000709900000, 0x0000000709900000, 0x0000000709a00000|  0%| F|  |TAMS 0x0000000709900000, 0x0000000709900000| Untracked 
| 140|0x0000000709a00000, 0x0000000709a00000, 0x0000000709b00000|  0%| F|  |TAMS 0x0000000709a00000, 0x0000000709a00000| Untracked 
| 141|0x0000000709b00000, 0x0000000709b00000, 0x0000000709c00000|  0%| F|  |TAMS 0x0000000709b00000, 0x0000000709b00000| Untracked 
| 142|0x0000000709c00000, 0x0000000709c00000, 0x0000000709d00000|  0%| F|  |TAMS 0x0000000709c00000, 0x0000000709c00000| Untracked 
| 143|0x0000000709d00000, 0x0000000709d00000, 0x0000000709e00000|  0%| F|  |TAMS 0x0000000709d00000, 0x0000000709d00000| Untracked 
| 144|0x0000000709e00000, 0x0000000709e00000, 0x0000000709f00000|  0%| F|  |TAMS 0x0000000709e00000, 0x0000000709e00000| Untracked 
| 145|0x0000000709f00000, 0x0000000709f00000, 0x000000070a000000|  0%| F|  |TAMS 0x0000000709f00000, 0x0000000709f00000| Untracked 
| 146|0x000000070a000000, 0x000000070a000000, 0x000000070a100000|  0%| F|  |TAMS 0x000000070a000000, 0x000000070a000000| Untracked 
| 147|0x000000070a100000, 0x000000070a100000, 0x000000070a200000|  0%| F|  |TAMS 0x000000070a100000, 0x000000070a100000| Untracked 
| 148|0x000000070a200000, 0x000000070a200000, 0x000000070a300000|  0%| F|  |TAMS 0x000000070a200000, 0x000000070a200000| Untracked 
| 149|0x000000070a300000, 0x000000070a300000, 0x000000070a400000|  0%| F|  |TAMS 0x000000070a300000, 0x000000070a300000| Untracked 
| 150|0x000000070a400000, 0x000000070a400000, 0x000000070a500000|  0%| F|  |TAMS 0x000000070a400000, 0x000000070a400000| Untracked 
| 151|0x000000070a500000, 0x000000070a500000, 0x000000070a600000|  0%| F|  |TAMS 0x000000070a500000, 0x000000070a500000| Untracked 
| 152|0x000000070a600000, 0x000000070a600000, 0x000000070a700000|  0%| F|  |TAMS 0x000000070a600000, 0x000000070a600000| Untracked 
| 153|0x000000070a700000, 0x000000070a700000, 0x000000070a800000|  0%| F|  |TAMS 0x000000070a700000, 0x000000070a700000| Untracked 
| 154|0x000000070a800000, 0x000000070a800000, 0x000000070a900000|  0%| F|  |TAMS 0x000000070a800000, 0x000000070a800000| Untracked 
| 155|0x000000070a900000, 0x000000070a900000, 0x000000070aa00000|  0%| F|  |TAMS 0x000000070a900000, 0x000000070a900000| Untracked 
| 156|0x000000070aa00000, 0x000000070aa00000, 0x000000070ab00000|  0%| F|  |TAMS 0x000000070aa00000, 0x000000070aa00000| Untracked 
| 157|0x000000070ab00000, 0x000000070ab00000, 0x000000070ac00000|  0%| F|  |TAMS 0x000000070ab00000, 0x000000070ab00000| Untracked 
| 158|0x000000070ac00000, 0x000000070ac00000, 0x000000070ad00000|  0%| F|  |TAMS 0x000000070ac00000, 0x000000070ac00000| Untracked 
| 159|0x000000070ad00000, 0x000000070ad00000, 0x000000070ae00000|  0%| F|  |TAMS 0x000000070ad00000, 0x000000070ad00000| Untracked 
| 160|0x000000070ae00000, 0x000000070ae00000, 0x000000070af00000|  0%| F|  |TAMS 0x000000070ae00000, 0x000000070ae00000| Untracked 
| 161|0x000000070af00000, 0x000000070af00000, 0x000000070b000000|  0%| F|  |TAMS 0x000000070af00000, 0x000000070af00000| Untracked 
| 162|0x000000070b000000, 0x000000070b000000, 0x000000070b100000|  0%| F|  |TAMS 0x000000070b000000, 0x000000070b000000| Untracked 
| 163|0x000000070b100000, 0x000000070b100000, 0x000000070b200000|  0%| F|  |TAMS 0x000000070b100000, 0x000000070b100000| Untracked 
| 164|0x000000070b200000, 0x000000070b200000, 0x000000070b300000|  0%| F|  |TAMS 0x000000070b200000, 0x000000070b200000| Untracked 
| 165|0x000000070b300000, 0x000000070b300000, 0x000000070b400000|  0%| F|  |TAMS 0x000000070b300000, 0x000000070b300000| Untracked 
| 166|0x000000070b400000, 0x000000070b400000, 0x000000070b500000|  0%| F|  |TAMS 0x000000070b400000, 0x000000070b400000| Untracked 
| 167|0x000000070b500000, 0x000000070b500000, 0x000000070b600000|  0%| F|  |TAMS 0x000000070b500000, 0x000000070b500000| Untracked 
| 168|0x000000070b600000, 0x000000070b600000, 0x000000070b700000|  0%| F|  |TAMS 0x000000070b600000, 0x000000070b600000| Untracked 
| 169|0x000000070b700000, 0x000000070b700000, 0x000000070b800000|  0%| F|  |TAMS 0x000000070b700000, 0x000000070b700000| Untracked 
| 170|0x000000070b800000, 0x000000070b800000, 0x000000070b900000|  0%| F|  |TAMS 0x000000070b800000, 0x000000070b800000| Untracked 
| 171|0x000000070b900000, 0x000000070b900000, 0x000000070ba00000|  0%| F|  |TAMS 0x000000070b900000, 0x000000070b900000| Untracked 
| 172|0x000000070ba00000, 0x000000070ba00000, 0x000000070bb00000|  0%| F|  |TAMS 0x000000070ba00000, 0x000000070ba00000| Untracked 
| 173|0x000000070bb00000, 0x000000070bb00000, 0x000000070bc00000|  0%| F|  |TAMS 0x000000070bb00000, 0x000000070bb00000| Untracked 
| 174|0x000000070bc00000, 0x000000070bc00000, 0x000000070bd00000|  0%| F|  |TAMS 0x000000070bc00000, 0x000000070bc00000| Untracked 
| 175|0x000000070bd00000, 0x000000070bd00000, 0x000000070be00000|  0%| F|  |TAMS 0x000000070bd00000, 0x000000070bd00000| Untracked 
| 176|0x000000070be00000, 0x000000070be00000, 0x000000070bf00000|  0%| F|  |TAMS 0x000000070be00000, 0x000000070be00000| Untracked 
| 177|0x000000070bf00000, 0x000000070bf00000, 0x000000070c000000|  0%| F|  |TAMS 0x000000070bf00000, 0x000000070bf00000| Untracked 
| 178|0x000000070c000000, 0x000000070c000000, 0x000000070c100000|  0%| F|  |TAMS 0x000000070c000000, 0x000000070c000000| Untracked 
| 179|0x000000070c100000, 0x000000070c100000, 0x000000070c200000|  0%| F|  |TAMS 0x000000070c100000, 0x000000070c100000| Untracked 
| 180|0x000000070c200000, 0x000000070c200000, 0x000000070c300000|  0%| F|  |TAMS 0x000000070c200000, 0x000000070c200000| Untracked 
| 181|0x000000070c300000, 0x000000070c300000, 0x000000070c400000|  0%| F|  |TAMS 0x000000070c300000, 0x000000070c300000| Untracked 
| 182|0x000000070c400000, 0x000000070c400000, 0x000000070c500000|  0%| F|  |TAMS 0x000000070c400000, 0x000000070c400000| Untracked 
| 183|0x000000070c500000, 0x000000070c500000, 0x000000070c600000|  0%| F|  |TAMS 0x000000070c500000, 0x000000070c500000| Untracked 
| 184|0x000000070c600000, 0x000000070c600000, 0x000000070c700000|  0%| F|  |TAMS 0x000000070c600000, 0x000000070c600000| Untracked 
| 185|0x000000070c700000, 0x000000070c700000, 0x000000070c800000|  0%| F|  |TAMS 0x000000070c700000, 0x000000070c700000| Untracked 
| 186|0x000000070c800000, 0x000000070c800000, 0x000000070c900000|  0%| F|  |TAMS 0x000000070c800000, 0x000000070c800000| Untracked 
| 187|0x000000070c900000, 0x000000070c900000, 0x000000070ca00000|  0%| F|  |TAMS 0x000000070c900000, 0x000000070c900000| Untracked 
| 188|0x000000070ca00000, 0x000000070ca00000, 0x000000070cb00000|  0%| F|  |TAMS 0x000000070ca00000, 0x000000070ca00000| Untracked 
| 189|0x000000070cb00000, 0x000000070cb00000, 0x000000070cc00000|  0%| F|  |TAMS 0x000000070cb00000, 0x000000070cb00000| Untracked 
| 190|0x000000070cc00000, 0x000000070cc00000, 0x000000070cd00000|  0%| F|  |TAMS 0x000000070cc00000, 0x000000070cc00000| Untracked 
| 191|0x000000070cd00000, 0x000000070cd00000, 0x000000070ce00000|  0%| F|  |TAMS 0x000000070cd00000, 0x000000070cd00000| Untracked 
| 192|0x000000070ce00000, 0x000000070ce00000, 0x000000070cf00000|  0%| F|  |TAMS 0x000000070ce00000, 0x000000070ce00000| Untracked 
| 193|0x000000070cf00000, 0x000000070cf00000, 0x000000070d000000|  0%| F|  |TAMS 0x000000070cf00000, 0x000000070cf00000| Untracked 
| 194|0x000000070d000000, 0x000000070d000000, 0x000000070d100000|  0%| F|  |TAMS 0x000000070d000000, 0x000000070d000000| Untracked 
| 195|0x000000070d100000, 0x000000070d100000, 0x000000070d200000|  0%| F|  |TAMS 0x000000070d100000, 0x000000070d100000| Untracked 
| 196|0x000000070d200000, 0x000000070d200000, 0x000000070d300000|  0%| F|  |TAMS 0x000000070d200000, 0x000000070d200000| Untracked 
| 197|0x000000070d300000, 0x000000070d300000, 0x000000070d400000|  0%| F|  |TAMS 0x000000070d300000, 0x000000070d300000| Untracked 
| 198|0x000000070d400000, 0x000000070d400000, 0x000000070d500000|  0%| F|  |TAMS 0x000000070d400000, 0x000000070d400000| Untracked 
| 199|0x000000070d500000, 0x000000070d500000, 0x000000070d600000|  0%| F|  |TAMS 0x000000070d500000, 0x000000070d500000| Untracked 
| 200|0x000000070d600000, 0x000000070d600000, 0x000000070d700000|  0%| F|  |TAMS 0x000000070d600000, 0x000000070d600000| Untracked 
| 201|0x000000070d700000, 0x000000070d700000, 0x000000070d800000|  0%| F|  |TAMS 0x000000070d700000, 0x000000070d700000| Untracked 
| 202|0x000000070d800000, 0x000000070d800000, 0x000000070d900000|  0%| F|  |TAMS 0x000000070d800000, 0x000000070d800000| Untracked 
| 203|0x000000070d900000, 0x000000070d900000, 0x000000070da00000|  0%| F|  |TAMS 0x000000070d900000, 0x000000070d900000| Untracked 
| 204|0x000000070da00000, 0x000000070da00000, 0x000000070db00000|  0%| F|  |TAMS 0x000000070da00000, 0x000000070da00000| Untracked 
| 205|0x000000070db00000, 0x000000070db00000, 0x000000070dc00000|  0%| F|  |TAMS 0x000000070db00000, 0x000000070db00000| Untracked 
| 206|0x000000070dc00000, 0x000000070dc00000, 0x000000070dd00000|  0%| F|  |TAMS 0x000000070dc00000, 0x000000070dc00000| Untracked 
| 207|0x000000070dd00000, 0x000000070dd00000, 0x000000070de00000|  0%| F|  |TAMS 0x000000070dd00000, 0x000000070dd00000| Untracked 
| 208|0x000000070de00000, 0x000000070de00000, 0x000000070df00000|  0%| F|  |TAMS 0x000000070de00000, 0x000000070de00000| Untracked 
| 209|0x000000070df00000, 0x000000070df00000, 0x000000070e000000|  0%| F|  |TAMS 0x000000070df00000, 0x000000070df00000| Untracked 
| 210|0x000000070e000000, 0x000000070e000000, 0x000000070e100000|  0%| F|  |TAMS 0x000000070e000000, 0x000000070e000000| Untracked 
| 211|0x000000070e100000, 0x000000070e100000, 0x000000070e200000|  0%| F|  |TAMS 0x000000070e100000, 0x000000070e100000| Untracked 
| 212|0x000000070e200000, 0x000000070e200000, 0x000000070e300000|  0%| F|  |TAMS 0x000000070e200000, 0x000000070e200000| Untracked 
| 213|0x000000070e300000, 0x000000070e300000, 0x000000070e400000|  0%| F|  |TAMS 0x000000070e300000, 0x000000070e300000| Untracked 
| 214|0x000000070e400000, 0x000000070e400000, 0x000000070e500000|  0%| F|  |TAMS 0x000000070e400000, 0x000000070e400000| Untracked 
| 215|0x000000070e500000, 0x000000070e500000, 0x000000070e600000|  0%| F|  |TAMS 0x000000070e500000, 0x000000070e500000| Untracked 
| 216|0x000000070e600000, 0x000000070e600000, 0x000000070e700000|  0%| F|  |TAMS 0x000000070e600000, 0x000000070e600000| Untracked 
| 217|0x000000070e700000, 0x000000070e700000, 0x000000070e800000|  0%| F|  |TAMS 0x000000070e700000, 0x000000070e700000| Untracked 
| 218|0x000000070e800000, 0x000000070e800000, 0x000000070e900000|  0%| F|  |TAMS 0x000000070e800000, 0x000000070e800000| Untracked 
| 219|0x000000070e900000, 0x000000070e9e1ee0, 0x000000070ea00000| 88%| E|CS|TAMS 0x000000070e900000, 0x000000070e9e1ee0| Complete 
| 220|0x000000070ea00000, 0x000000070eb00000, 0x000000070eb00000|100%| E|CS|TAMS 0x000000070ea00000, 0x000000070eb00000| Complete 
| 221|0x000000070eb00000, 0x000000070ec00000, 0x000000070ec00000|100%| E|CS|TAMS 0x000000070eb00000, 0x000000070ec00000| Complete 
| 222|0x000000070ec00000, 0x000000070ed00000, 0x000000070ed00000|100%| E|CS|TAMS 0x000000070ec00000, 0x000000070ed00000| Complete 
| 223|0x000000070ed00000, 0x000000070ee00000, 0x000000070ee00000|100%| E|CS|TAMS 0x000000070ed00000, 0x000000070ee00000| Complete 
| 224|0x000000070ee00000, 0x000000070ef00000, 0x000000070ef00000|100%| E|CS|TAMS 0x000000070ee00000, 0x000000070ef00000| Complete 
| 225|0x000000070ef00000, 0x000000070ef00000, 0x000000070f000000|  0%| F|  |TAMS 0x000000070ef00000, 0x000000070ef00000| Untracked 
| 226|0x000000070f000000, 0x000000070f000000, 0x000000070f100000|  0%| F|  |TAMS 0x000000070f000000, 0x000000070f000000| Untracked 
| 227|0x000000070f100000, 0x000000070f100000, 0x000000070f200000|  0%| F|  |TAMS 0x000000070f100000, 0x000000070f100000| Untracked 
| 228|0x000000070f200000, 0x000000070f200000, 0x000000070f300000|  0%| F|  |TAMS 0x000000070f200000, 0x000000070f200000| Untracked 
| 229|0x000000070f300000, 0x000000070f300000, 0x000000070f400000|  0%| F|  |TAMS 0x000000070f300000, 0x000000070f300000| Untracked 
| 230|0x000000070f400000, 0x000000070f400000, 0x000000070f500000|  0%| F|  |TAMS 0x000000070f400000, 0x000000070f400000| Untracked 
| 231|0x000000070f500000, 0x000000070f500000, 0x000000070f600000|  0%| F|  |TAMS 0x000000070f500000, 0x000000070f500000| Untracked 
| 232|0x000000070f600000, 0x000000070f600000, 0x000000070f700000|  0%| F|  |TAMS 0x000000070f600000, 0x000000070f600000| Untracked 
| 233|0x000000070f700000, 0x000000070f700000, 0x000000070f800000|  0%| F|  |TAMS 0x000000070f700000, 0x000000070f700000| Untracked 
| 234|0x000000070f800000, 0x000000070f800000, 0x000000070f900000|  0%| F|  |TAMS 0x000000070f800000, 0x000000070f800000| Untracked 
| 235|0x000000070f900000, 0x000000070f900000, 0x000000070fa00000|  0%| F|  |TAMS 0x000000070f900000, 0x000000070f900000| Untracked 
| 236|0x000000070fa00000, 0x000000070fa00000, 0x000000070fb00000|  0%| F|  |TAMS 0x000000070fa00000, 0x000000070fa00000| Untracked 
| 237|0x000000070fb00000, 0x000000070fb00000, 0x000000070fc00000|  0%| F|  |TAMS 0x000000070fb00000, 0x000000070fb00000| Untracked 
| 238|0x000000070fc00000, 0x000000070fc00000, 0x000000070fd00000|  0%| F|  |TAMS 0x000000070fc00000, 0x000000070fc00000| Untracked 
| 239|0x000000070fd00000, 0x000000070fd00000, 0x000000070fe00000|  0%| F|  |TAMS 0x000000070fd00000, 0x000000070fd00000| Untracked 
| 240|0x000000070fe00000, 0x000000070fe00000, 0x000000070ff00000|  0%| F|  |TAMS 0x000000070fe00000, 0x000000070fe00000| Untracked 
| 241|0x000000070ff00000, 0x000000070ff00000, 0x0000000710000000|  0%| F|  |TAMS 0x000000070ff00000, 0x000000070ff00000| Untracked 
| 242|0x0000000710000000, 0x0000000710000000, 0x0000000710100000|  0%| F|  |TAMS 0x0000000710000000, 0x0000000710000000| Untracked 
| 243|0x0000000710100000, 0x0000000710100000, 0x0000000710200000|  0%| F|  |TAMS 0x0000000710100000, 0x0000000710100000| Untracked 
| 244|0x0000000710200000, 0x0000000710200000, 0x0000000710300000|  0%| F|  |TAMS 0x0000000710200000, 0x0000000710200000| Untracked 
| 245|0x0000000710300000, 0x0000000710300000, 0x0000000710400000|  0%| F|  |TAMS 0x0000000710300000, 0x0000000710300000| Untracked 
| 246|0x0000000710400000, 0x0000000710400000, 0x0000000710500000|  0%| F|  |TAMS 0x0000000710400000, 0x0000000710400000| Untracked 
| 247|0x0000000710500000, 0x0000000710500000, 0x0000000710600000|  0%| F|  |TAMS 0x0000000710500000, 0x0000000710500000| Untracked 
| 248|0x0000000710600000, 0x000000071068f380, 0x0000000710700000| 55%| S|  |TAMS 0x0000000710600000, 0x0000000710600000| Complete 
| 249|0x0000000710700000, 0x0000000710800000, 0x0000000710800000|100%| S|  |TAMS 0x0000000710700000, 0x0000000710700000| Complete 
| 250|0x0000000710800000, 0x0000000710900000, 0x0000000710900000|100%| S|  |TAMS 0x0000000710800000, 0x0000000710800000| Complete 
| 251|0x0000000710900000, 0x0000000710a00000, 0x0000000710a00000|100%| S|  |TAMS 0x0000000710900000, 0x0000000710900000| Complete 
| 252|0x0000000710a00000, 0x0000000710b00000, 0x0000000710b00000|100%| E|CS|TAMS 0x0000000710a00000, 0x0000000710b00000| Complete 
| 253|0x0000000710b00000, 0x0000000710c00000, 0x0000000710c00000|100%| E|CS|TAMS 0x0000000710b00000, 0x0000000710c00000| Complete 
| 254|0x0000000710c00000, 0x0000000710d00000, 0x0000000710d00000|100%| E|CS|TAMS 0x0000000710c00000, 0x0000000710d00000| Complete 
| 255|0x0000000710d00000, 0x0000000710e00000, 0x0000000710e00000|100%| E|CS|TAMS 0x0000000710d00000, 0x0000000710e00000| Complete 

Card table byte_map: [0x0000012aa4ee0000,0x0000012aa56e0000] _byte_map_base: 0x0000012aa16d9000

Marking Bits (Prev, Next): (CMBitMap*) 0x0000012a8cd33670, (CMBitMap*) 0x0000012a8cd33638
 Prev Bits: [0x0000012aa9eb0000, 0x0000012aade78000)
 Next Bits: [0x0000012aa5ee0000, 0x0000012aa9ea8000)

Polling page: 0x0000012a8ac00000

Metaspace:

Usage:
  Non-class:     18.36 MB capacity,    18.02 MB ( 98%) used,   263.26 KB (  1%) free+waste,    79.38 KB ( <1%) overhead. 
      Class:      2.99 MB capacity,     2.67 MB ( 89%) used,   290.80 KB (  9%) free+waste,    41.06 KB (  1%) overhead. 
       Both:     21.35 MB capacity,    20.69 MB ( 97%) used,   554.05 KB (  3%) free+waste,   120.44 KB ( <1%) overhead. 

Virtual space:
  Non-class space:       26.00 MB reserved,      18.42 MB ( 71%) committed 
      Class space:        1.00 GB reserved,       3.00 MB ( <1%) committed 
             Both:        1.03 GB reserved,      21.42 MB (  2%) committed 

Chunk freelists:
   Non-Class:  65.00 KB
       Class:  9.00 KB
        Both:  74.00 KB

MaxMetaspaceSize: 17179869184.00 GB
CompressedClassSpaceSize: 1.00 GB

CodeHeap 'non-profiled nmethods': size=120000Kb used=827Kb max_used=827Kb free=119172Kb
 bounds [0x0000012a9ce80000, 0x0000012a9d0f0000, 0x0000012aa43b0000]
CodeHeap 'profiled nmethods': size=120000Kb used=3692Kb max_used=3692Kb free=116307Kb
 bounds [0x0000012a95950000, 0x0000012a95cf0000, 0x0000012a9ce80000]
CodeHeap 'non-nmethods': size=5760Kb used=1329Kb max_used=1392Kb free=4430Kb
 bounds [0x0000012a953b0000, 0x0000012a95620000, 0x0000012a95950000]
 total_blobs=2813 nmethods=2064 adapters=660
 compilation: enabled
              stopped_count=0, restarted_count=0
 full_count=0

Compilation events (20 events):
Event: 6.000 Thread 0x0000012ab1311000 2055       3       com.sun.javafx.tk.Toolkit::runPulse (26 bytes)
Event: 6.000 Thread 0x0000012ab1311000 nmethod 2055 0x0000012a95ce8390 code [0x0000012a95ce85c0, 0x0000012a95ce8cd8]
Event: 6.000 Thread 0x0000012ab1311000 2056       3       com.sun.javafx.tk.Toolkit$$Lambda$230/0x000000080024f440::get$Lambda (9 bytes)
Event: 6.001 Thread 0x0000012ab1311000 nmethod 2056 0x0000012a95ce8f10 code [0x0000012a95ce90e0, 0x0000012a95ce9338]
Event: 6.001 Thread 0x0000012ab1311000 2057       1       javafx.scene.Scene::isFocusDirty (5 bytes)
Event: 6.001 Thread 0x0000012ab1311000 nmethod 2057 0x0000012a9cf4db90 code [0x0000012a9cf4dd40, 0x0000012a9cf4ddf8]
Event: 6.001 Thread 0x0000012ab1311000 2058       1       javafx.scene.Scene::access$3300 (5 bytes)
Event: 6.001 Thread 0x0000012ab1311000 nmethod 2058 0x0000012a9cf4de90 code [0x0000012a9cf4e040, 0x0000012a9cf4e0d8]
Event: 6.001 Thread 0x0000012ab1311000 2059       1       javafx.scene.Scene::access$3500 (5 bytes)
Event: 6.001 Thread 0x0000012ab1311000 nmethod 2059 0x0000012a9cf4e190 code [0x0000012a9cf4e340, 0x0000012a9cf4e3d8]
Event: 6.032 Thread 0x0000012ab1311000 2060       3       com.sun.javafx.tk.quantum.QuantumToolkit::postPulse (106 bytes)
Event: 6.033 Thread 0x0000012ab1311000 nmethod 2060 0x0000012a95ce9410 code [0x0000012a95ce9720, 0x0000012a95cea778]
Event: 6.033 Thread 0x0000012ab1311000 2061       3       com.sun.scenario.animation.AbstractMasterTimer::nanos (37 bytes)
Event: 6.033 Thread 0x0000012ab1311000 nmethod 2061 0x0000012a95ceac90 code [0x0000012a95ceae40, 0x0000012a95ceb038]
Event: 6.033 Thread 0x0000012ab1311000 2062       1       com.sun.scenario.animation.AbstractMasterTimer::access$600 (5 bytes)
Event: 6.033 Thread 0x0000012ab1311000 nmethod 2062 0x0000012a9cf4e490 code [0x0000012a9cf4e640, 0x0000012a9cf4e6d8]
Event: 6.033 Thread 0x0000012ab1311000 2063       1       com.sun.scenario.animation.AbstractMasterTimer::access$700 (5 bytes)
Event: 6.033 Thread 0x0000012ab1311000 nmethod 2063 0x0000012a9cf4e790 code [0x0000012a9cf4e940, 0x0000012a9cf4e9d8]
Event: 6.048 Thread 0x0000012ab1311000 2064       1       com.sun.scenario.animation.AbstractMasterTimer::access$200 (5 bytes)
Event: 6.048 Thread 0x0000012ab1311000 nmethod 2064 0x0000012a9cf4ea90 code [0x0000012a9cf4ec40, 0x0000012a9cf4ecd8]

GC Heap History (5 events):
Event: 2.229 GC heap before
{Heap before GC invocations=0 (full 0):
 garbage-first heap   total 262144K, used 23552K [0x0000000700e00000, 0x0000000800000000)
  region size 1024K, 24 young (24576K), 0 survivors (0K)
 Metaspace       used 12632K, capacity 12962K, committed 13184K, reserved 1060864K
  class space    used 1398K, capacity 1549K, committed 1664K, reserved 1048576K
}
Event: 2.279 GC heap after
{Heap after GC invocations=1 (full 0):
 garbage-first heap   total 262144K, used 2950K [0x0000000700e00000, 0x0000000800000000)
  region size 1024K, 3 young (3072K), 3 survivors (3072K)
 Metaspace       used 12632K, capacity 12962K, committed 13184K, reserved 1060864K
  class space    used 1398K, capacity 1549K, committed 1664K, reserved 1048576K
}
Event: 4.080 GC heap before
{Heap before GC invocations=1 (full 0):
 garbage-first heap   total 262144K, used 32646K [0x0000000700e00000, 0x0000000800000000)
  region size 1024K, 31 young (31744K), 3 survivors (3072K)
 Metaspace       used 20464K, capacity 21123K, committed 21296K, reserved 1067008K
  class space    used 2569K, capacity 2860K, committed 2944K, reserved 1048576K
}
Event: 4.087 GC heap after
{Heap after GC invocations=2 (full 0):
 garbage-first heap   total 262144K, used 8071K [0x0000000700e00000, 0x0000000800000000)
  region size 1024K, 6 young (6144K), 6 survivors (6144K)
 Metaspace       used 20464K, capacity 21123K, committed 21296K, reserved 1067008K
  class space    used 2569K, capacity 2860K, committed 2944K, reserved 1048576K
}
Event: 6.056 GC heap before
{Heap before GC invocations=3 (full 0):
 garbage-first heap   total 262144K, used 11143K [0x0000000700e00000, 0x0000000800000000)
  region size 1024K, 10 young (10240K), 6 survivors (6144K)
 Metaspace       used 21187K, capacity 21862K, committed 21936K, reserved 1075200K
  class space    used 2731K, capacity 3063K, committed 3072K, reserved 1048576K
}

Deoptimization events (20 events):
Event: 2.870 Thread 0x0000012ab1b93800 Uncommon trap: trap_request=0xffffffde fr.pc=0x0000012a9ce90368 relative=0x00000000000001c8
Event: 2.870 Thread 0x0000012ab1b93800 Uncommon trap: reason=class_check action=maybe_recompile pc=0x0000012a9ce90368 method=java.lang.String.equals(Ljava/lang/Object;)Z @ 8 c2
Event: 2.870 Thread 0x0000012ab1b93800 DEOPT PACKING pc=0x0000012a9ce90368 sp=0x0000000a38afc000
Event: 2.870 Thread 0x0000012ab1b93800 DEOPT UNPACKING pc=0x0000012a953d772f sp=0x0000000a38afbfa8 mode 2
Event: 2.871 Thread 0x0000012ab1b93800 Uncommon trap: trap_request=0xffffffde fr.pc=0x0000012a9ce90368 relative=0x00000000000001c8
Event: 2.871 Thread 0x0000012ab1b93800 Uncommon trap: reason=class_check action=maybe_recompile pc=0x0000012a9ce90368 method=java.lang.String.equals(Ljava/lang/Object;)Z @ 8 c2
Event: 2.871 Thread 0x0000012ab1b93800 DEOPT PACKING pc=0x0000012a9ce90368 sp=0x0000000a38afbd40
Event: 2.872 Thread 0x0000012ab1b93800 DEOPT UNPACKING pc=0x0000012a953d772f sp=0x0000000a38afbce8 mode 2
Event: 2.919 Thread 0x0000012ab1b93800 Uncommon trap: trap_request=0xffffffcc fr.pc=0x0000012a9cee4d70 relative=0x00000000000001b0
Event: 2.919 Thread 0x0000012ab1b93800 Uncommon trap: reason=intrinsic_or_type_checked_inlining action=make_not_entrant pc=0x0000012a9cee4d70 method=java.util.Arrays.copyOf([Ljava/lang/Object;ILjava/lang/Class;)[Ljava/lang/Object; @ 35 c2
Event: 2.919 Thread 0x0000012ab1b93800 DEOPT PACKING pc=0x0000012a9cee4d70 sp=0x0000000a38afa5e0
Event: 2.919 Thread 0x0000012ab1b93800 DEOPT UNPACKING pc=0x0000012a953d772f sp=0x0000000a38afa588 mode 2
Event: 3.937 Thread 0x0000012ab1b93800 Uncommon trap: trap_request=0xffffff4d fr.pc=0x0000012a9cec487c relative=0x000000000000049c
Event: 3.938 Thread 0x0000012ab1b93800 Uncommon trap: reason=unstable_if action=reinterpret pc=0x0000012a9cec487c method=jdk.internal.org.objectweb.asm.Type.getArgumentsAndReturnSizes(Ljava/lang/String;)I @ 47 c2
Event: 3.938 Thread 0x0000012ab1b93800 DEOPT PACKING pc=0x0000012a9cec487c sp=0x0000000a38afbb70
Event: 3.938 Thread 0x0000012ab1b93800 DEOPT UNPACKING pc=0x0000012a953d772f sp=0x0000000a38afbb00 mode 2
Event: 4.114 Thread 0x0000012ab1b93800 Uncommon trap: trap_request=0xffffff4d fr.pc=0x0000012a9cf364dc relative=0x000000000000031c
Event: 4.114 Thread 0x0000012ab1b93800 Uncommon trap: reason=unstable_if action=reinterpret pc=0x0000012a9cf364dc method=java.util.WeakHashMap.expungeStaleEntries()V @ 9 c2
Event: 4.114 Thread 0x0000012ab1b93800 DEOPT PACKING pc=0x0000012a9cf364dc sp=0x0000000a38afa3e0
Event: 4.114 Thread 0x0000012ab1b93800 DEOPT UNPACKING pc=0x0000012a953d772f sp=0x0000000a38afa368 mode 2

Classes redefined (0 events):
No events

Internal exceptions (20 events):
Event: 2.342 Thread 0x0000012ab1b93800 Exception <a 'java/lang/NoSuchMethodError'{0x0000000710b10568}: 'java.lang.Object java.lang.invoke.DirectMethodHandle$Holder.invokeStatic(java.lang.Object, java.lang.Object, java.lang.Object, java.lang.Object, java.lang.Object, java.lang.Object, java.lang.Object, java.lang.Object, java.lang.Object, java.lang.Object, java.lang.Object, java.lang.Object, java.lang.Object, java.lang.Object, java.lang.Object, java.lang.Object)'> (0x0000000710b10568) thrown at [./src/hotspot/share/interpreter/linkResolver.cpp, l
Event: 2.343 Thread 0x0000012ab1b93800 Exception <a 'java/lang/NoSuchMethodError'{0x0000000710b1e480}: 'java.lang.Object java.lang.invoke.DirectMethodHandle$Holder.invokeSpecial(java.lang.Object, java.lang.Object, int, int, java.lang.Object, java.lang.Object, java.lang.Object)'> (0x0000000710b1e480) thrown at [./src/hotspot/share/interpreter/linkResolver.cpp, line 773]
Event: 2.343 Thread 0x0000012ab1b93800 Exception <a 'java/lang/NoSuchMethodError'{0x0000000710b21a10}: 'java.lang.Object java.lang.invoke.DelegatingMethodHandle$Holder.reinvoke_L(java.lang.Object, int, int, java.lang.Object, java.lang.Object, java.lang.Object)'> (0x0000000710b21a10) thrown at [./src/hotspot/share/interpreter/linkResolver.cpp, line 773]
Event: 2.343 Thread 0x0000012ab1b93800 Exception <a 'java/lang/NoSuchMethodError'{0x0000000710b25b98}: 'java.lang.Object java.lang.invoke.DirectMethodHandle$Holder.invokeStatic(java.lang.Object, java.lang.Object, java.lang.Object, java.lang.Object, int)'> (0x0000000710b25b98) thrown at [./src/hotspot/share/interpreter/linkResolver.cpp, line 773]
Event: 2.449 Thread 0x0000012ab1b93800 Exception <a 'java/lang/NoSuchMethodError'{0x000000071061fe38}: 'void java.lang.invoke.DirectMethodHandle$Holder.invokeStaticInit(java.lang.Object, java.lang.Object)'> (0x000000071061fe38) thrown at [./src/hotspot/share/interpreter/linkResolver.cpp, line 773]
Event: 2.558 Thread 0x0000012ab1b93800 Exception <a 'sun/nio/fs/WindowsException'{0x00000007104ca168}> (0x00000007104ca168) thrown at [./src/hotspot/share/prims/jni.cpp, line 615]
Event: 2.607 Thread 0x0000012ab1b93800 Implicit null exception at 0x0000012a9cee99f5 to 0x0000012a9cee9bc4
Event: 2.638 Thread 0x0000012ab1b93800 Implicit null exception at 0x0000012a9ce9d1cf to 0x0000012a9ce9d3e9
Event: 2.919 Thread 0x0000012ab1b93800 Exception <a 'java/lang/NoSuchMethodError'{0x000000070feaa4f8}: 'java.lang.Object java.lang.invoke.Invokers$Holder.linkToTargetMethod(java.lang.Object, int, java.lang.Object)'> (0x000000070feaa4f8) thrown at [./src/hotspot/share/interpreter/linkResolver.cpp, line 773]
Event: 2.937 Thread 0x0000012ab1b93800 Exception <a 'java/lang/NoSuchMethodError'{0x000000070fd1eb40}: 'java.lang.Object java.lang.invoke.DirectMethodHandle$Holder.invokeInterface(java.lang.Object, java.lang.Object, java.lang.Object)'> (0x000000070fd1eb40) thrown at [./src/hotspot/share/interpreter/linkResolver.cpp, line 773]
Event: 2.937 Thread 0x0000012ab1b93800 Exception <a 'java/lang/IncompatibleClassChangeError'{0x000000070fd21cf8}: Found class java.lang.Object, but interface was expected> (0x000000070fd21cf8) thrown at [./src/hotspot/share/interpreter/linkResolver.cpp, line 839]
Event: 3.014 Thread 0x0000012ab1593800 Exception <a 'java/lang/NoSuchMethodError'{0x000000070fb99b58}: 'int java.lang.invoke.DirectMethodHandle$Holder.invokeStaticInit(java.lang.Object, java.lang.Object)'> (0x000000070fb99b58) thrown at [./src/hotspot/share/interpreter/linkResolver.cpp, line 773]
Event: 3.938 Thread 0x0000012ab1b93800 Exception <a 'java/lang/NoSuchMethodError'{0x000000070f6bf400}: 'long java.lang.invoke.DirectMethodHandle$Holder.invokeStaticInit(java.lang.Object, java.lang.Object, java.lang.Object)'> (0x000000070f6bf400) thrown at [./src/hotspot/share/interpreter/linkResolver.cpp, line 773]
Event: 3.941 Thread 0x0000012ab1b93800 Exception <a 'java/lang/NoSuchMethodError'{0x000000070f6d7908}: 'java.lang.Object java.lang.invoke.DirectMethodHandle$Holder.invokeStatic(java.lang.Object, java.lang.Object, long)'> (0x000000070f6d7908) thrown at [./src/hotspot/share/interpreter/linkResolver.cpp, line 773]
Event: 3.941 Thread 0x0000012ab1b93800 Exception <a 'java/lang/NoSuchMethodError'{0x000000070f6dda80}: 'java.lang.Object java.lang.invoke.Invokers$Holder.linkToTargetMethod(java.lang.Object, long, java.lang.Object)'> (0x000000070f6dda80) thrown at [./src/hotspot/share/interpreter/linkResolver.cpp, line 773]
Event: 4.032 Thread 0x0000012ab1b93800 Exception <a 'java/lang/ClassNotFoundException'{0x000000070f1a8c98}: com/sun/javafx/scene/control/skin/resources/controls> (0x000000070f1a8c98) thrown at [./src/hotspot/share/prims/jni.cpp, line 636]
Event: 4.034 Thread 0x0000012ab1b93800 Exception <a 'java/lang/ClassNotFoundException'{0x000000070f1b6a28}: com/sun/javafx/scene/control/skin/resources/controls_en> (0x000000070f1b6a28) thrown at [./src/hotspot/share/prims/jni.cpp, line 636]
Event: 4.034 Thread 0x0000012ab1b93800 Exception <a 'java/lang/ClassNotFoundException'{0x000000070f1b7fd0}: com/sun/javafx/scene/control/skin/resources/controls_en_US> (0x000000070f1b7fd0) thrown at [./src/hotspot/share/prims/jni.cpp, line 636]
Event: 4.068 Thread 0x0000012ab1b93800 Exception <a 'java/lang/NoSuchMethodError'{0x000000070ef25730}: 'void java.lang.invoke.DirectMethodHandle$Holder.invokeSpecial(java.lang.Object, java.lang.Object, java.lang.Object, java.lang.Object, java.lang.Object, java.lang.Object)'> (0x000000070ef25730) thrown at [./src/hotspot/share/interpreter/linkResolver.cpp, line 773]
Event: 4.126 Thread 0x0000012ab1b93800 Exception <a 'sun/nio/fs/WindowsException'{0x0000000710cb7278}> (0x0000000710cb7278) thrown at [./src/hotspot/share/prims/jni.cpp, line 615]

Events (20 events):
Event: 6.054 loading class jdk/internal/vm/VMSupport
Event: 6.054 loading class jdk/internal/vm/VMSupport done
Event: 6.055 loading class sun/nio/cs/ISO_8859_1$Encoder
Event: 6.055 loading class sun/nio/cs/ISO_8859_1$Encoder done
Event: 6.055 loading class sun/nio/cs/Surrogate$Parser
Event: 6.055 loading class sun/nio/cs/Surrogate$Parser done
Event: 6.055 loading class sun/nio/cs/Surrogate
Event: 6.055 loading class sun/nio/cs/Surrogate done
Event: 6.055 loading class java/util/Date
Event: 6.055 loading class java/util/Date done
Event: 6.055 loading class sun/util/calendar/CalendarSystem
Event: 6.055 loading class sun/util/calendar/CalendarSystem done
Event: 6.055 loading class sun/util/calendar/Gregorian
Event: 6.055 loading class sun/util/calendar/BaseCalendar
Event: 6.056 loading class sun/util/calendar/AbstractCalendar
Event: 6.056 loading class sun/util/calendar/AbstractCalendar done
Event: 6.056 loading class sun/util/calendar/BaseCalendar done
Event: 6.056 loading class sun/util/calendar/Gregorian done
Event: 6.056 loading class java/util/TimeZone
Event: 6.056 Executing VM operation: CollectForMetadataAllocation


Dynamic libraries:
0x00007ff78d3a0000 - 0x00007ff78d3ad000 	C:\Program Files\Amazon Corretto\jdk11.0.9_12\bin\java.exe
0x00007ffdffb40000 - 0x00007ffdffd30000 	C:\WINDOWS\SYSTEM32\ntdll.dll
0x00007ffdff3b0000 - 0x00007ffdff462000 	C:\WINDOWS\System32\KERNEL32.DLL
0x00007ffdfd430000 - 0x00007ffdfd6d5000 	C:\WINDOWS\System32\KERNELBASE.dll
0x00007ffdfd2d0000 - 0x00007ffdfd3ca000 	C:\WINDOWS\System32\ucrtbase.dll
0x00007ffdf3a70000 - 0x00007ffdf3a87000 	C:\Program Files\Amazon Corretto\jdk11.0.9_12\bin\jli.dll
0x00007ffdff070000 - 0x00007ffdff204000 	C:\WINDOWS\System32\USER32.dll
0x00007ffdfd750000 - 0x00007ffdfd771000 	C:\WINDOWS\System32\win32u.dll
0x00007ffdff7b0000 - 0x00007ffdff7d6000 	C:\WINDOWS\System32\GDI32.dll
0x00007ffdfda50000 - 0x00007ffdfdbe8000 	C:\WINDOWS\System32\gdi32full.dll
0x00007ffdfd900000 - 0x00007ffdfd99e000 	C:\WINDOWS\System32\msvcp_win.dll
0x00007ffdf3ad0000 - 0x00007ffdf3d54000 	C:\WINDOWS\WinSxS\amd64_microsoft.windows.common-controls_6595b64144ccf1df_6.0.18362.1316_none_9e7a364fe461dbd7\COMCTL32.dll
0x00007ffdffa60000 - 0x00007ffdffafe000 	C:\WINDOWS\System32\msvcrt.dll
0x00007ffdfde80000 - 0x00007ffdfe1b7000 	C:\WINDOWS\System32\combase.dll
0x00007ffdfdbf0000 - 0x00007ffdfdd0f000 	C:\WINDOWS\System32\RPCRT4.dll
0x00007ffdfd240000 - 0x00007ffdfd2c1000 	C:\WINDOWS\System32\bcryptPrimitives.dll
0x00007ffdf30e0000 - 0x00007ffdf30f5000 	C:\Program Files\Amazon Corretto\jdk11.0.9_12\bin\VCRUNTIME140.dll
0x00007ffdff210000 - 0x00007ffdff23e000 	C:\WINDOWS\System32\IMM32.DLL
0x00007ffdef0b0000 - 0x00007ffdef14b000 	C:\Program Files\Amazon Corretto\jdk11.0.9_12\bin\msvcp140.dll
0x00007ffda88c0000 - 0x00007ffda9404000 	C:\Program Files\Amazon Corretto\jdk11.0.9_12\bin\server\jvm.dll
0x00007ffdfe1c0000 - 0x00007ffdfe263000 	C:\WINDOWS\System32\ADVAPI32.dll
0x00007ffdfdd70000 - 0x00007ffdfde07000 	C:\WINDOWS\System32\sechost.dll
0x00007ffdff660000 - 0x00007ffdff668000 	C:\WINDOWS\System32\PSAPI.DLL
0x00007ffde70e0000 - 0x00007ffde70e9000 	C:\WINDOWS\SYSTEM32\WSOCK32.dll
0x00007ffdff240000 - 0x00007ffdff2af000 	C:\WINDOWS\System32\WS2_32.dll
0x00007ffdf8fe0000 - 0x00007ffdf9004000 	C:\WINDOWS\SYSTEM32\WINMM.dll
0x00007ffdf89c0000 - 0x00007ffdf89ca000 	C:\WINDOWS\SYSTEM32\VERSION.dll
0x00007ffdf9120000 - 0x00007ffdf914d000 	C:\WINDOWS\SYSTEM32\WINMMBASE.dll
0x00007ffdfd6e0000 - 0x00007ffdfd72a000 	C:\WINDOWS\System32\cfgmgr32.dll
0x00007ffdfca50000 - 0x00007ffdfca61000 	C:\WINDOWS\System32\kernel.appcore.dll
0x00007ffdf3930000 - 0x00007ffdf3940000 	C:\Program Files\Amazon Corretto\jdk11.0.9_12\bin\verify.dll
0x00007ffdf8020000 - 0x00007ffdf8214000 	C:\WINDOWS\SYSTEM32\DBGHELP.DLL
0x00007ffde4e80000 - 0x00007ffde4eaa000 	C:\WINDOWS\SYSTEM32\dbgcore.DLL
0x00007ffdf0910000 - 0x00007ffdf0938000 	C:\Program Files\Amazon Corretto\jdk11.0.9_12\bin\java.dll
0x00007ffdf2ee0000 - 0x00007ffdf2eea000 	C:\Program Files\Amazon Corretto\jdk11.0.9_12\bin\jimage.dll
0x00007ffdef8e0000 - 0x00007ffdef8ee000 	C:\Program Files\Amazon Corretto\jdk11.0.9_12\bin\instrument.dll
0x00007ffdf2c40000 - 0x00007ffdf2c57000 	C:\Program Files\Amazon Corretto\jdk11.0.9_12\bin\zip.dll
0x00007ffdfe3b0000 - 0x00007ffdfea98000 	C:\WINDOWS\System32\SHELL32.dll
0x00007ffdff990000 - 0x00007ffdffa37000 	C:\WINDOWS\System32\shcore.dll
0x00007ffdfcac0000 - 0x00007ffdfd23b000 	C:\WINDOWS\System32\windows.storage.dll
0x00007ffdfca70000 - 0x00007ffdfca93000 	C:\WINDOWS\System32\profapi.dll
0x00007ffdfca00000 - 0x00007ffdfca4a000 	C:\WINDOWS\System32\powrprof.dll
0x00007ffdfc9f0000 - 0x00007ffdfca00000 	C:\WINDOWS\System32\UMPDC.dll
0x00007ffdfde20000 - 0x00007ffdfde72000 	C:\WINDOWS\System32\shlwapi.dll
0x00007ffdfd730000 - 0x00007ffdfd747000 	C:\WINDOWS\System32\cryptsp.dll
0x00007ffdf08f0000 - 0x00007ffdf0909000 	C:\Program Files\Amazon Corretto\jdk11.0.9_12\bin\net.dll
0x00007ffdf4590000 - 0x00007ffdf4680000 	C:\WINDOWS\SYSTEM32\WINHTTP.dll
0x00007ffdfc1d0000 - 0x00007ffdfc237000 	C:\WINDOWS\system32\mswsock.dll
0x00007ffdef900000 - 0x00007ffdef912000 	C:\Program Files\Amazon Corretto\jdk11.0.9_12\bin\nio.dll
0x00007ffdeef90000 - 0x00007ffdeefaa000 	C:\Program Files\JetBrains\IntelliJ IDEA Community Edition 2020.2.3\bin\breakgen64.dll
0x0000012a8ac50000 - 0x0000012a8ac53000 	D:\Mihai\Java-Objects\javafx-sdk-11.0.2\bin\api-ms-win-core-console-l1-1-0.dll
0x0000012a8ac60000 - 0x0000012a8ac63000 	D:\Mihai\Java-Objects\javafx-sdk-11.0.2\bin\api-ms-win-core-datetime-l1-1-0.dll
0x0000012a8ac70000 - 0x0000012a8ac73000 	D:\Mihai\Java-Objects\javafx-sdk-11.0.2\bin\api-ms-win-core-debug-l1-1-0.dll
0x0000012a8ac80000 - 0x0000012a8ac83000 	D:\Mihai\Java-Objects\javafx-sdk-11.0.2\bin\api-ms-win-core-errorhandling-l1-1-0.dll
0x0000012a8ac90000 - 0x0000012a8ac94000 	D:\Mihai\Java-Objects\javafx-sdk-11.0.2\bin\api-ms-win-core-file-l1-1-0.dll
0x0000012a8aca0000 - 0x0000012a8aca3000 	D:\Mihai\Java-Objects\javafx-sdk-11.0.2\bin\api-ms-win-core-file-l1-2-0.dll
0x0000012a8acb0000 - 0x0000012a8acb3000 	D:\Mihai\Java-Objects\javafx-sdk-11.0.2\bin\api-ms-win-core-file-l2-1-0.dll
0x0000012a8acc0000 - 0x0000012a8acc3000 	D:\Mihai\Java-Objects\javafx-sdk-11.0.2\bin\api-ms-win-core-handle-l1-1-0.dll
0x0000012a8acd0000 - 0x0000012a8acd3000 	D:\Mihai\Java-Objects\javafx-sdk-11.0.2\bin\api-ms-win-core-heap-l1-1-0.dll
0x0000012a8ace0000 - 0x0000012a8ace3000 	D:\Mihai\Java-Objects\javafx-sdk-11.0.2\bin\api-ms-win-core-interlocked-l1-1-0.dll
0x0000012a8cbd0000 - 0x0000012a8cbd3000 	D:\Mihai\Java-Objects\javafx-sdk-11.0.2\bin\api-ms-win-core-libraryloader-l1-1-0.dll
0x0000012a8cbe0000 - 0x0000012a8cbe3000 	D:\Mihai\Java-Objects\javafx-sdk-11.0.2\bin\api-ms-win-core-localization-l1-2-0.dll
0x0000012a8cbf0000 - 0x0000012a8cbf3000 	D:\Mihai\Java-Objects\javafx-sdk-11.0.2\bin\api-ms-win-core-memory-l1-1-0.dll
0x0000012a8cc00000 - 0x0000012a8cc03000 	D:\Mihai\Java-Objects\javafx-sdk-11.0.2\bin\api-ms-win-core-namedpipe-l1-1-0.dll
0x0000012a8cc10000 - 0x0000012a8cc13000 	D:\Mihai\Java-Objects\javafx-sdk-11.0.2\bin\api-ms-win-core-processenvironment-l1-1-0.dll
0x0000012a8cc20000 - 0x0000012a8cc23000 	D:\Mihai\Java-Objects\javafx-sdk-11.0.2\bin\api-ms-win-core-processthreads-l1-1-0.dll
0x0000012a8cc30000 - 0x0000012a8cc33000 	D:\Mihai\Java-Objects\javafx-sdk-11.0.2\bin\api-ms-win-core-processthreads-l1-1-1.dll
0x0000012a8cc40000 - 0x0000012a8cc43000 	D:\Mihai\Java-Objects\javafx-sdk-11.0.2\bin\api-ms-win-core-profile-l1-1-0.dll
0x0000012a8cc50000 - 0x0000012a8cc53000 	D:\Mihai\Java-Objects\javafx-sdk-11.0.2\bin\api-ms-win-core-rtlsupport-l1-1-0.dll
0x0000012a8cc60000 - 0x0000012a8cc63000 	D:\Mihai\Java-Objects\javafx-sdk-11.0.2\bin\api-ms-win-core-string-l1-1-0.dll
0x0000012a8cc70000 - 0x0000012a8cc73000 	D:\Mihai\Java-Objects\javafx-sdk-11.0.2\bin\api-ms-win-core-synch-l1-1-0.dll
0x0000012a8cc80000 - 0x0000012a8cc83000 	D:\Mihai\Java-Objects\javafx-sdk-11.0.2\bin\api-ms-win-core-synch-l1-2-0.dll
0x0000012a8cc90000 - 0x0000012a8cc93000 	D:\Mihai\Java-Objects\javafx-sdk-11.0.2\bin\api-ms-win-core-sysinfo-l1-1-0.dll
0x0000012ab1f10000 - 0x0000012ab1f13000 	D:\Mihai\Java-Objects\javafx-sdk-11.0.2\bin\api-ms-win-core-timezone-l1-1-0.dll
0x0000012ab1f20000 - 0x0000012ab1f23000 	D:\Mihai\Java-Objects\javafx-sdk-11.0.2\bin\api-ms-win-core-util-l1-1-0.dll
0x0000012ab1f30000 - 0x0000012ab1f33000 	D:\Mihai\Java-Objects\javafx-sdk-11.0.2\bin\api-ms-win-crt-conio-l1-1-0.dll
0x0000012ab1f40000 - 0x0000012ab1f44000 	D:\Mihai\Java-Objects\javafx-sdk-11.0.2\bin\api-ms-win-crt-convert-l1-1-0.dll
0x0000012ab1f50000 - 0x0000012ab1f53000 	D:\Mihai\Java-Objects\javafx-sdk-11.0.2\bin\api-ms-win-crt-environment-l1-1-0.dll
0x0000012ab1f60000 - 0x0000012ab1f63000 	D:\Mihai\Java-Objects\javafx-sdk-11.0.2\bin\api-ms-win-crt-filesystem-l1-1-0.dll
0x0000012ab1f70000 - 0x0000012ab1f73000 	D:\Mihai\Java-Objects\javafx-sdk-11.0.2\bin\api-ms-win-crt-heap-l1-1-0.dll
0x0000012ab1f80000 - 0x0000012ab1f83000 	D:\Mihai\Java-Objects\javafx-sdk-11.0.2\bin\api-ms-win-crt-locale-l1-1-0.dll
0x0000012ab1f90000 - 0x0000012ab1f95000 	D:\Mihai\Java-Objects\javafx-sdk-11.0.2\bin\api-ms-win-crt-math-l1-1-0.dll
0x0000012ab1fa0000 - 0x0000012ab1fa5000 	D:\Mihai\Java-Objects\javafx-sdk-11.0.2\bin\api-ms-win-crt-multibyte-l1-1-0.dll
0x0000012ab1fb0000 - 0x0000012ab1fc0000 	D:\Mihai\Java-Objects\javafx-sdk-11.0.2\bin\api-ms-win-crt-private-l1-1-0.dll
0x0000012ab1fc0000 - 0x0000012ab1fc3000 	D:\Mihai\Java-Objects\javafx-sdk-11.0.2\bin\api-ms-win-crt-process-l1-1-0.dll
0x0000012ab1fd0000 - 0x0000012ab1fd4000 	D:\Mihai\Java-Objects\javafx-sdk-11.0.2\bin\api-ms-win-crt-runtime-l1-1-0.dll
0x0000012ab1fe0000 - 0x0000012ab1fe4000 	D:\Mihai\Java-Objects\javafx-sdk-11.0.2\bin\api-ms-win-crt-stdio-l1-1-0.dll
0x0000012ab1ff0000 - 0x0000012ab1ff4000 	D:\Mihai\Java-Objects\javafx-sdk-11.0.2\bin\api-ms-win-crt-string-l1-1-0.dll
0x0000012ab2000000 - 0x0000012ab2003000 	D:\Mihai\Java-Objects\javafx-sdk-11.0.2\bin\api-ms-win-crt-time-l1-1-0.dll
0x0000012ab2010000 - 0x0000012ab2013000 	D:\Mihai\Java-Objects\javafx-sdk-11.0.2\bin\api-ms-win-crt-utility-l1-1-0.dll
0x00007ffdd1750000 - 0x00007ffdd184a000 	D:\Mihai\Java-Objects\javafx-sdk-11.0.2\bin\ucrtbase.dll
0x00007ffdf4c00000 - 0x00007ffdf4c16000 	D:\Mihai\Java-Objects\javafx-sdk-11.0.2\bin\vcruntime140.dll
0x00007ffdf2f40000 - 0x00007ffdf2fe6000 	D:\Mihai\Java-Objects\javafx-sdk-11.0.2\bin\msvcp140.dll
0x00007ffdea130000 - 0x00007ffdea181000 	D:\Mihai\Java-Objects\javafx-sdk-11.0.2\bin\concrt140.dll
0x00007ffdec400000 - 0x00007ffdec423000 	D:\Mihai\Java-Objects\javafx-sdk-11.0.2\bin\prism_d3d.dll
0x00007ffdf16b0000 - 0x00007ffdf1877000 	C:\WINDOWS\system32\d3d9.dll
0x00007ffdfb0a0000 - 0x00007ffdfb0cd000 	C:\WINDOWS\SYSTEM32\dwmapi.dll
0x00007ffdfb630000 - 0x00007ffdfb650000 	C:\WINDOWS\SYSTEM32\dxcore.dll
0x00007ffdfac80000 - 0x00007ffdfad19000 	C:\WINDOWS\system32\uxtheme.dll
0x00007ffdf0990000 - 0x00007ffdf0a95000 	C:\WINDOWS\System32\DriverStore\FileRepository\nv_dispi.inf_amd64_e44a509137af5639\nvldumdx.dll
0x00007ffdfcaa0000 - 0x00007ffdfcab2000 	C:\WINDOWS\System32\msasn1.dll
0x00007ffdf6e80000 - 0x00007ffdf6eaf000 	C:\WINDOWS\SYSTEM32\cryptnet.dll
0x00007ffdfd7b0000 - 0x00007ffdfd8fa000 	C:\WINDOWS\System32\CRYPT32.dll
0x00007ffdfc3a0000 - 0x00007ffdfc3ac000 	C:\WINDOWS\SYSTEM32\cryptbase.dll
0x00007ffdfd3d0000 - 0x00007ffdfd42c000 	C:\WINDOWS\System32\WINTRUST.DLL
0x00007ffdffa40000 - 0x00007ffdffa5d000 	C:\WINDOWS\System32\imagehlp.dll
0x00007ffdfbd50000 - 0x00007ffdfbd83000 	C:\WINDOWS\system32\rsaenh.dll
0x00007ffdfd780000 - 0x00007ffdfd7a6000 	C:\WINDOWS\System32\bcrypt.dll
0x00007ffda6c70000 - 0x00007ffda88b7000 	C:\WINDOWS\System32\DriverStore\FileRepository\nv_dispi.inf_amd64_e44a509137af5639\nvd3dumx.dll
0x00007ffdea0e0000 - 0x00007ffdea125000 	D:\Mihai\Java-Objects\javafx-sdk-11.0.2\bin\glass.dll
0x00007ffdff470000 - 0x00007ffdff540000 	C:\WINDOWS\System32\COMDLG32.dll
0x00007ffdfef10000 - 0x00007ffdff067000 	C:\WINDOWS\System32\ole32.dll
0x00007ffdfe2e0000 - 0x00007ffdfe3a5000 	C:\WINDOWS\System32\OLEAUT32.dll
0x00007ffdff670000 - 0x00007ffdff7a5000 	C:\WINDOWS\System32\MSCTF.dll
0x00007ffdcbb40000 - 0x00007ffdcbd10000 	c:\program files (x86)\trusteer\rapport\bin\x64\rooksbas_x64.dll
0x00007ffdbe480000 - 0x00007ffdbe739000 	C:\WINDOWS\system32\nvspcap64.dll
0x00007ffdfba30000 - 0x00007ffdfba61000 	C:\WINDOWS\SYSTEM32\ntmarta.dll
0x00007ffdfb5e0000 - 0x00007ffdfb602000 	C:\WINDOWS\SYSTEM32\gpapi.dll
0x00007ffdfbf20000 - 0x00007ffdfbfeb000 	C:\WINDOWS\SYSTEM32\DNSAPI.dll
0x00007ffdfde10000 - 0x00007ffdfde18000 	C:\WINDOWS\System32\NSI.dll
0x00007ffdfbee0000 - 0x00007ffdfbf1a000 	C:\WINDOWS\SYSTEM32\IPHLPAPI.DLL
0x00007ffdf44e0000 - 0x00007ffdf44ea000 	C:\Windows\System32\rasadhlp.dll
0x00007ffdf5ab0000 - 0x00007ffdf5b27000 	C:\WINDOWS\System32\fwpuclnt.dll
0x00007ffdf4be0000 - 0x00007ffdf4bf4000 	D:\Mihai\Java-Objects\javafx-sdk-11.0.2\bin\javafx_font.dll
0x00007ffdec6d0000 - 0x00007ffdec9ce000 	C:\WINDOWS\SYSTEM32\dwrite.dll
0x00007ffdff540000 - 0x00007ffdff5e2000 	C:\WINDOWS\System32\clbcatq.dll
0x00007ffdf7160000 - 0x00007ffdf730f000 	C:\WINDOWS\SYSTEM32\WindowsCodecs.dll
0x00007ffdea400000 - 0x00007ffdea43b000 	C:\WINDOWS\system32\dataexchange.dll

dbghelp: loaded successfully - version: 4.0.5 - missing functions: none
symbol engine: initialized successfully - sym options: 0x614 - pdb path: .;C:\Program Files\Amazon Corretto\jdk11.0.9_12\bin;C:\WINDOWS\SYSTEM32;C:\WINDOWS\WinSxS\amd64_microsoft.windows.common-controls_6595b64144ccf1df_6.0.18362.1316_none_9e7a364fe461dbd7;C:\Program Files\Amazon Corretto\jdk11.0.9_12\bin\server;C:\Program Files\JetBrains\IntelliJ IDEA Community Edition 2020.2.3\bin;D:\Mihai\Java-Objects\javafx-sdk-11.0.2\bin;C:\WINDOWS\System32\DriverStore\FileRepository\nv_dispi.inf_amd64_e44a509137af5639;c:\program files (x86)\trusteer\rapport\bin\x64;C:\Program Files\Common Files\Microsoft Shared\Ink

VM Arguments:
jvm_args: --add-modules=javafx.base,javafx.graphics --add-reads=javafx.base=ALL-UNNAMED --add-reads=javafx.graphics=ALL-UNNAMED -javaagent:C:\Program Files\JetBrains\IntelliJ IDEA Community Edition 2020.2.3\lib\idea_rt.jar=51659:C:\Program Files\JetBrains\IntelliJ IDEA Community Edition 2020.2.3\bin -Dfile.encoding=UTF-8 --module-path=D:\Mihai\Java-Objects\javafx-sdk-11.0.2\lib\javafx.base.jar;D:\Mihai\Java-Objects\javafx-sdk-11.0.2\lib\javafx.graphics.jar;D:\Mihai\Java-Objects\Java-Projects\Multi_Chat\Mulcti_Chat_Client\out\production\Mulcti_Chat_Client;D:\Mihai\Java-Objects\javafx-sdk-11.0.2;D:\Mihai\Java-Objects\javafx-sdk-11.0.2\lib\javafx-swt.jar;D:\Mihai\Java-Objects\javafx-sdk-11.0.2\lib\javafx.controls.jar;D:\Mihai\Java-Objects\javafx-sdk-11.0.2\lib\javafx.fxml.jar;D:\Mihai\Java-Objects\javafx-sdk-11.0.2\lib\javafx.media.jar;D:\Mihai\Java-Objects\javafx-sdk-11.0.2\lib\javafx.swing.jar;D:\Mihai\Java-Objects\javafx-sdk-11.0.2\lib\javafx.web.jar -Djdk.module.main=Mulcti.Chat.Client 
java_command: Mulcti.Chat.Client/sample.Main
java_class_path (initial): <not set>
Launcher Type: SUN_STANDARD

[Global flags]
     intx CICompilerCount                          = 4                                         {product} {ergonomic}
     uint ConcGCThreads                            = 2                                         {product} {ergonomic}
     uint G1ConcRefinementThreads                  = 8                                         {product} {ergonomic}
   size_t G1HeapRegionSize                         = 1048576                                   {product} {ergonomic}
    uintx GCDrainStackTargetSize                   = 64                                        {product} {ergonomic}
   size_t InitialHeapSize                          = 268435456                                 {product} {ergonomic}
   size_t MarkStackSize                            = 4194304                                   {product} {ergonomic}
   size_t MaxHeapSize                              = 4280287232                                {product} {ergonomic}
   size_t MaxNewSize                               = 2567962624                                {product} {ergonomic}
   size_t MinHeapDeltaBytes                        = 1048576                                   {product} {ergonomic}
    uintx NonNMethodCodeHeapSize                   = 5836300                                {pd product} {ergonomic}
    uintx NonProfiledCodeHeapSize                  = 122910970                              {pd product} {ergonomic}
    uintx ProfiledCodeHeapSize                     = 122910970                              {pd product} {ergonomic}
    uintx ReservedCodeCacheSize                    = 251658240                              {pd product} {ergonomic}
     bool SegmentedCodeCache                       = true                                      {product} {ergonomic}
     bool UseCompressedClassPointers               = true                                 {lp64_product} {ergonomic}
     bool UseCompressedOops                        = true                                 {lp64_product} {ergonomic}
     bool UseG1GC                                  = true                                      {product} {ergonomic}
     bool UseLargePagesIndividualAllocation        = false                                  {pd product} {ergonomic}

Logging:
Log output configuration:
 #0: stdout all=warning uptime,level,tags
 #1: stderr all=off uptime,level,tags

Environment Variables:
JAVA_HOME=C:\Program Files\Amazon Corretto\jdk11.0.9_12
PATH=C:\Program Files\Amazon Corretto\jdk11.0.9_12\bin;C:\Program Files (x86)\Common Files\Oracle\Java\javapath;C:\ProgramData\Oracle\Java\javapath;C:\WINDOWS\system32;C:\WINDOWS;C:\WINDOWS\System32\Wbem;C:\WINDOWS\System32\WindowsPowerShell\v1.0\;C:\Program Files (x86)\QuickTime\QTSystem\;C:\WINDOWS\system32;C:\WINDOWS;C:\WINDOWS\System32\Wbem;C:\WINDOWS\System32\WindowsPowerShell\v1.0\;C:\Program Files (x86)\NVIDIA Corporation\PhysX\Common;C:\WINDOWS\System32\OpenSSH\;C:\Program Files\NVIDIA Corporation\NVIDIA NvDLISR;C:\Users\Mihai\AppData\Local\Microsoft\WindowsApps;D:\Mihai_D\compiler\bin;C:\Users\Mihai\AppData\Local\GitHubDesktop\bin
USERNAME=Mihai
OS=Windows_NT
PROCESSOR_IDENTIFIER=Intel64 Family 6 Model 60 Stepping 3, GenuineIntel



---------------  S Y S T E M  ---------------

OS: Windows 10 , 64 bit Build 18362 (10.0.18362.1316)
OS uptime: 0 days 22:20 hours

CPU:total 8 (initial active 8) (4 cores per cpu, 2 threads per core) family 6 model 60 stepping 3, cmov, cx8, fxsr, mmx, sse, sse2, sse3, ssse3, sse4.1, sse4.2, popcnt, avx, avx2, aes, clmul, erms, lzcnt, ht, tsc, tscinvbit, bmi1, bmi2, fma

Memory: 4k page, system-wide physical 16326M (456M free)
TotalPageFile size 25413M (AvailPageFile size 0M)
current process WorkingSet (physical memory assigned to process): 132M, peak: 156M
current process commit charge ("private bytes"): 412M, peak: 435M

vm_info: OpenJDK 64-Bit Server VM (11.0.9.1+12-LTS) for windows-amd64 JRE (11.0.9.1+12-LTS), built on Nov  4 2020 10:17:53 by "Administrator" with MS VC++ 15.9 (VS2017)

END.
